Using pre-set license
Built from '2021.1/release' branch; Version is '2021.1.0f1 (61a549675243) revision 6399305'; Using compiler version '192528614'; Build Type 'Release'
OS: 'Windows 10 Pro; OS build 19042.964; Version 2009; 64bit' Language: 'pl' Physical Memory: 8125 MB
BatchMode: 1, IsHumanControllingUs: 0, StartBugReporterOnCrash: 0, Is64bit: 1, IsPro: 0

 COMMAND LINE ARGUMENTS:
C:\Program Files\Unity\Hub\Editor\2021.1.0f1\Editor\Unity.exe
-adb2
-batchMode
-noUpm
-name
AssetImportWorker0
-projectPath
C:/Users/Michał/Documents/GitHub/Zadanie_3/FPS-Zadanie_3/FPS_Zadanie_3
-logFile
Logs/AssetImportWorker0.log
-srvPort
53659
Successfully changed project path to: C:/Users/Michał/Documents/GitHub/Zadanie_3/FPS-Zadanie_3/FPS_Zadanie_3
C:/Users/Michał/Documents/GitHub/Zadanie_3/FPS-Zadanie_3/FPS_Zadanie_3
Using Asset Import Pipeline V2.
Refreshing native plugins compatible for Editor in 284.47 ms, found 1 plugins.
Preloading 0 native plugins for Editor in 0.00 ms.
Initialize engine version: 2021.1.0f1 (61a549675243)
[Subsystems] Discovering subsystems at path C:/Program Files/Unity/Hub/Editor/2021.1.0f1/Editor/Data/Resources/UnitySubsystems
[Subsystems] Discovering subsystems at path C:/Users/Michał/Documents/GitHub/Zadanie_3/FPS-Zadanie_3/FPS_Zadanie_3/Assets
GfxDevice: creating device client; threaded=0; jobified=0
Direct3D:
    Version:  Direct3D 11.0 [level 10.1]
    Renderer: ATI Radeon HD 3600 Series (ID=0x9598)
    Vendor:   ATI
    VRAM:     504 MB
    Driver:   8.970.100.9001
Initialize mono
Mono path[0] = 'C:/Program Files/Unity/Hub/Editor/2021.1.0f1/Editor/Data/Managed'
Mono path[1] = 'C:/Program Files/Unity/Hub/Editor/2021.1.0f1/Editor/Data/MonoBleedingEdge/lib/mono/unityjit'
Mono config path = 'C:/Program Files/Unity/Hub/Editor/2021.1.0f1/Editor/Data/MonoBleedingEdge/etc'
Using monoOptions --debugger-agent=transport=dt_socket,embedding=1,server=y,suspend=n,address=127.0.0.1:56784
Begin MonoManager ReloadAssembly
Registering precompiled unity dll's ...
Register platform support module: C:/Program Files/Unity/Hub/Editor/2021.1.0f1/Editor/Data/PlaybackEngines/WindowsStandaloneSupport/UnityEditor.WindowsStandalone.Extensions.dll
Registered in 0.005996 seconds.
Native extension for WindowsStandalone target not found
Refreshing native plugins compatible for Editor in 268.36 ms, found 1 plugins.
Preloading 0 native plugins for Editor in 0.00 ms.
Mono: successfully reloaded assembly
- Completed reload, in  7.267 seconds
Platform modules already initialized, skipping
Registering precompiled user dll's ...
Registered in 0.008565 seconds.
Begin MonoManager ReloadAssembly
Native extension for WindowsStandalone target not found
Refreshing native plugins compatible for Editor in 1.08 ms, found 1 plugins.
Preloading 0 native plugins for Editor in 0.00 ms.
Mono: successfully reloaded assembly
- Completed reload, in 10.387 seconds
Platform modules already initialized, skipping
========================================================================
Worker process is ready to serve import requests
Launched and connected shader compiler UnityShaderCompiler.exe after 0.11 seconds
Refreshing native plugins compatible for Editor in 1.05 ms, found 1 plugins.
Preloading 0 native plugins for Editor in 0.00 ms.
Unloading 2664 Unused Serialized files (Serialized files now loaded: 0)
System memory in use before: 98.1 MB.
System memory in use after: 98.2 MB.

Unloading 15 unused Assets to reduce memory usage. Loaded Objects now: 3115.
Total: 5.870400 ms (FindLiveObjects: 0.739000 ms CreateObjectMapping: 0.203000 ms MarkObjects: 4.759400 ms  DeleteObjects: 0.164800 ms)

========================================================================
Received Import Request.
  path: Assets/Scripts
  artifactKey: Guid(83d5db57687446f4fba85069fab8f764) Importer(815301076,1909f56bfc062723c751e8b465ee728b)
Start importing Assets/Scripts using Guid(83d5db57687446f4fba85069fab8f764) Importer(815301076,1909f56bfc062723c751e8b465ee728b)  -> (artifact id: 'b62046d15993abe5d82861ba15b7a90d') in 0.033071 seconds 
========================================================================
Received Import Request.
  Time since last request: 10.891574 seconds.
  path: Assets/Scripts/CameraController.cs
  artifactKey: Guid(dde9d334d15247748a9ec52e568dca1a) Importer(815301076,1909f56bfc062723c751e8b465ee728b)
Start importing Assets/Scripts/CameraController.cs using Guid(dde9d334d15247748a9ec52e568dca1a) Importer(815301076,1909f56bfc062723c751e8b465ee728b)  -> (artifact id: 'ec0a711e65b2f308714ce549cd417541') in 0.138076 seconds 
========================================================================
Received Prepare
Registering precompiled user dll's ...
Registered in 0.009827 seconds.
Begin MonoManager ReloadAssembly
Native extension for WindowsStandalone target not found
Refreshing native plugins compatible for Editor in 1.11 ms, found 1 plugins.
Preloading 0 native plugins for Editor in 0.00 ms.
Mono: successfully reloaded assembly
- Completed reload, in  5.375 seconds
Platform modules already initialized, skipping
Refreshing native plugins compatible for Editor in 2.29 ms, found 1 plugins.
Preloading 0 native plugins for Editor in 0.00 ms.
Unloading 2660 Unused Serialized files (Serialized files now loaded: 0)
System memory in use before: 98.1 MB.
System memory in use after: 98.3 MB.

Unloading 10 unused Assets to reduce memory usage. Loaded Objects now: 3119.
Total: 9.378500 ms (FindLiveObjects: 1.023600 ms CreateObjectMapping: 0.337300 ms MarkObjects: 7.871900 ms  DeleteObjects: 0.142600 ms)

========================================================================
Received Prepare
Registering precompiled user dll's ...
Registered in 0.010330 seconds.
Begin MonoManager ReloadAssembly
Native extension for WindowsStandalone target not found
Refreshing native plugins compatible for Editor in 1.37 ms, found 1 plugins.
Preloading 0 native plugins for Editor in 0.00 ms.
Mono: successfully reloaded assembly
- Completed reload, in  5.059 seconds
Platform modules already initialized, skipping
Refreshing native plugins compatible for Editor in 1.58 ms, found 1 plugins.
Preloading 0 native plugins for Editor in 0.00 ms.
Unloading 2660 Unused Serialized files (Serialized files now loaded: 0)
System memory in use before: 98.2 MB.
System memory in use after: 98.4 MB.

Unloading 10 unused Assets to reduce memory usage. Loaded Objects now: 3122.
Total: 16.621300 ms (FindLiveObjects: 2.294500 ms CreateObjectMapping: 0.404900 ms MarkObjects: 13.697900 ms  DeleteObjects: 0.219000 ms)

========================================================================
Received Import Request.
  Time since last request: 326.635647 seconds.
  path: Assets/Scripts/CameraController.cs
  artifactKey: Guid(dde9d334d15247748a9ec52e568dca1a) Importer(815301076,1909f56bfc062723c751e8b465ee728b)
Start importing Assets/Scripts/CameraController.cs using Guid(dde9d334d15247748a9ec52e568dca1a) Importer(815301076,1909f56bfc062723c751e8b465ee728b)  -> (artifact id: '40148ce9437aadfe405b2e008278b195') in 0.048275 seconds 
========================================================================
Received Prepare
Registering precompiled user dll's ...
Registered in 0.012605 seconds.
Begin MonoManager ReloadAssembly
Native extension for WindowsStandalone target not found
Refreshing native plugins compatible for Editor in 1.76 ms, found 1 plugins.
Preloading 0 native plugins for Editor in 0.00 ms.
Mono: successfully reloaded assembly
- Completed reload, in  3.256 seconds
Platform modules already initialized, skipping
Refreshing native plugins compatible for Editor in 1.58 ms, found 1 plugins.
Preloading 0 native plugins for Editor in 0.00 ms.
Unloading 2660 Unused Serialized files (Serialized files now loaded: 0)
System memory in use before: 98.2 MB.
System memory in use after: 98.4 MB.

Unloading 10 unused Assets to reduce memory usage. Loaded Objects now: 3125.
Total: 6.941900 ms (FindLiveObjects: 0.826900 ms CreateObjectMapping: 0.218000 ms MarkObjects: 5.762800 ms  DeleteObjects: 0.129000 ms)

========================================================================
Received Import Request.
  Time since last request: 445.779831 seconds.
  path: Assets/Scripts/PlayerMovement.cs
  artifactKey: Guid(cab295d0bcbfc1d4b9db0237265c08a8) Importer(815301076,1909f56bfc062723c751e8b465ee728b)
Start importing Assets/Scripts/PlayerMovement.cs using Guid(cab295d0bcbfc1d4b9db0237265c08a8) Importer(815301076,1909f56bfc062723c751e8b465ee728b)  -> (artifact id: 'c7df081a858581a0646c32b090a2b63c') in 0.046208 seconds 
========================================================================
Received Prepare
Registering precompiled user dll's ...
Registered in 0.009238 seconds.
Begin MonoManager ReloadAssembly
Native extension for WindowsStandalone target not found
Refreshing native plugins compatible for Editor in 1.58 ms, found 1 plugins.
Preloading 0 native plugins for Editor in 0.00 ms.
Mono: successfully reloaded assembly
- Completed reload, in  4.077 seconds
Platform modules already initialized, skipping
Refreshing native plugins compatible for Editor in 1.61 ms, found 1 plugins.
Preloading 0 native plugins for Editor in 0.00 ms.
Unloading 2661 Unused Serialized files (Serialized files now loaded: 0)
System memory in use before: 98.2 MB.
System memory in use after: 98.4 MB.

Unloading 10 unused Assets to reduce memory usage. Loaded Objects now: 3129.
Total: 13.178500 ms (FindLiveObjects: 0.711400 ms CreateObjectMapping: 0.272800 ms MarkObjects: 10.387100 ms  DeleteObjects: 1.803100 ms)

========================================================================
Received Import Request.
  Time since last request: 2582.529647 seconds.
  path: Assets/Scripts/PlayerMovement.cs
  artifactKey: Guid(cab295d0bcbfc1d4b9db0237265c08a8) Importer(815301076,1909f56bfc062723c751e8b465ee728b)
Start importing Assets/Scripts/PlayerMovement.cs using Guid(cab295d0bcbfc1d4b9db0237265c08a8) Importer(815301076,1909f56bfc062723c751e8b465ee728b)  -> (artifact id: '7d63233295e9cf9e1d8803dae230c372') in 0.183616 seconds 
AssetImportWorkerClient::OnTransportError - code=2 error=End of file
