Using pre-set license
Built from '2021.1/release' branch; Version is '2021.1.0f1 (61a549675243) revision 6399305'; Using compiler version '192528614'; Build Type 'Release'
OS: 'Windows 10 Pro; OS build 19042.985; Version 2009; 64bit' Language: 'pl' Physical Memory: 8125 MB
BatchMode: 1, IsHumanControllingUs: 0, StartBugReporterOnCrash: 0, Is64bit: 1, IsPro: 0

 COMMAND LINE ARGUMENTS:
C:\Program Files\Unity\Hub\Editor\2021.1.0f1\Editor\Unity.exe
-adb2
-batchMode
-noUpm
-name
AssetImportWorker5
-projectPath
C:/Users/Michał/Documents/GitHub/Zadanie_3/FPS-Zadanie_3/FPS_Zadanie_3
-logFile
Logs/AssetImportWorker5.log
-srvPort
63790
Successfully changed project path to: C:/Users/Michał/Documents/GitHub/Zadanie_3/FPS-Zadanie_3/FPS_Zadanie_3
C:/Users/Michał/Documents/GitHub/Zadanie_3/FPS-Zadanie_3/FPS_Zadanie_3
Using Asset Import Pipeline V2.
Refreshing native plugins compatible for Editor in 1671.13 ms, found 1 plugins.
Preloading 0 native plugins for Editor in 0.00 ms.
Initialize engine version: 2021.1.0f1 (61a549675243)
[Subsystems] Discovering subsystems at path C:/Program Files/Unity/Hub/Editor/2021.1.0f1/Editor/Data/Resources/UnitySubsystems
[Subsystems] Discovering subsystems at path C:/Users/Michał/Documents/GitHub/Zadanie_3/FPS-Zadanie_3/FPS_Zadanie_3/Assets
GfxDevice: creating device client; threaded=0; jobified=0
Direct3D:
    Version:  Direct3D 11.0 [level 10.1]
    Renderer: ATI Radeon HD 3600 Series (ID=0x9598)
    Vendor:   ATI
    VRAM:     504 MB
    Driver:   8.970.100.9001
Initialize mono
Mono path[0] = 'C:/Program Files/Unity/Hub/Editor/2021.1.0f1/Editor/Data/Managed'
Mono path[1] = 'C:/Program Files/Unity/Hub/Editor/2021.1.0f1/Editor/Data/MonoBleedingEdge/lib/mono/unityjit'
Mono config path = 'C:/Program Files/Unity/Hub/Editor/2021.1.0f1/Editor/Data/MonoBleedingEdge/etc'
Using monoOptions --debugger-agent=transport=dt_socket,embedding=1,server=y,suspend=n,address=127.0.0.1:56032
Begin MonoManager ReloadAssembly
Registering precompiled unity dll's ...
Register platform support module: C:/Program Files/Unity/Hub/Editor/2021.1.0f1/Editor/Data/PlaybackEngines/WindowsStandaloneSupport/UnityEditor.WindowsStandalone.Extensions.dll
Registered in 0.007392 seconds.
Native extension for WindowsStandalone target not found
Refreshing native plugins compatible for Editor in 291.37 ms, found 1 plugins.
Preloading 0 native plugins for Editor in 0.00 ms.
Mono: successfully reloaded assembly
- Completed reload, in  7.179 seconds
Platform modules already initialized, skipping
Registering precompiled user dll's ...
Registered in 0.021273 seconds.
Begin MonoManager ReloadAssembly
Native extension for WindowsStandalone target not found
Refreshing native plugins compatible for Editor in 1.91 ms, found 1 plugins.
Preloading 0 native plugins for Editor in 0.00 ms.
Mono: successfully reloaded assembly
- Completed reload, in  5.523 seconds
Platform modules already initialized, skipping
========================================================================
Worker process is ready to serve import requests
Launched and connected shader compiler UnityShaderCompiler.exe after 0.27 seconds
Refreshing native plugins compatible for Editor in 5.72 ms, found 1 plugins.
Preloading 0 native plugins for Editor in 0.00 ms.
Unloading 3074 Unused Serialized files (Serialized files now loaded: 0)
System memory in use before: 118.3 MB.
System memory in use after: 118.5 MB.

Unloading 88 unused Assets to reduce memory usage. Loaded Objects now: 3517.
Total: 603.432200 ms (FindLiveObjects: 1.197300 ms CreateObjectMapping: 5.791100 ms MarkObjects: 594.195700 ms  DeleteObjects: 2.239100 ms)

========================================================================
Received Import Request.
  path: Assets/Animation/Door2.controller
  artifactKey: Guid(1c895a97767c537418c318a82cff6b88) Importer(815301076,1909f56bfc062723c751e8b465ee728b)
Start importing Assets/Animation/Door2.controller using Guid(1c895a97767c537418c318a82cff6b88) Importer(815301076,1909f56bfc062723c751e8b465ee728b)  -> (artifact id: '0fc6cc8b763be09722d70487e1cf547b') in 2.746076 seconds 
========================================================================
Received Prepare
Registering precompiled user dll's ...
Registered in 0.544275 seconds.
Begin MonoManager ReloadAssembly
Native extension for WindowsStandalone target not found
Refreshing native plugins compatible for Editor in 2.54 ms, found 1 plugins.
Preloading 0 native plugins for Editor in 0.00 ms.
Warning: Annotation not found!
UnityEngine.StackTraceUtility:ExtractStackTrace ()
UnityEditor.ProBuilder.EditorUtility:SetGizmoIconEnabled (System.Type,bool) (at Library/PackageCache/com.unity.probuilder@5.0.3/Editor/EditorCore/EditorUtility.cs:575)
UnityEditor.ProBuilder.HierarchyListener:.cctor () (at Library/PackageCache/com.unity.probuilder@5.0.3/Editor/EditorCore/HierarchyListener.cs:21)
System.Runtime.CompilerServices.RuntimeHelpers:RunClassConstructor (System.RuntimeTypeHandle)
UnityEditor.EditorAssemblies:ProcessInitializeOnLoadAttributes (System.Type[])

[Library/PackageCache/com.unity.probuilder@5.0.3/Editor/EditorCore/EditorUtility.cs line 575]

Mono: successfully reloaded assembly
- Completed reload, in 13.930 seconds
Platform modules already initialized, skipping
Refreshing native plugins compatible for Editor in 19.84 ms, found 1 plugins.
Preloading 0 native plugins for Editor in 0.00 ms.
Unloading 3032 Unused Serialized files (Serialized files now loaded: 0)
System memory in use before: 116.3 MB.
System memory in use after: 116.5 MB.

Unloading 10 unused Assets to reduce memory usage. Loaded Objects now: 3520.
Total: 99.953400 ms (FindLiveObjects: 9.948000 ms CreateObjectMapping: 4.436900 ms MarkObjects: 80.667100 ms  DeleteObjects: 4.895500 ms)

========================================================================
Received Import Request.
  Time since last request: 659.670162 seconds.
  path: Assets/Animation/Door2.controller
  artifactKey: Guid(1c895a97767c537418c318a82cff6b88) Importer(815301076,1909f56bfc062723c751e8b465ee728b)
Start importing Assets/Animation/Door2.controller using Guid(1c895a97767c537418c318a82cff6b88) Importer(815301076,1909f56bfc062723c751e8b465ee728b)  -> (artifact id: '65e568b8e1a280ec91ccb7aa9783caaa') in 0.159982 seconds 
========================================================================
Received Prepare
Registering precompiled user dll's ...
Registered in 0.096276 seconds.
Begin MonoManager ReloadAssembly
Native extension for WindowsStandalone target not found
Refreshing native plugins compatible for Editor in 2.29 ms, found 1 plugins.
Preloading 0 native plugins for Editor in 0.00 ms.
Warning: Annotation not found!
UnityEngine.StackTraceUtility:ExtractStackTrace ()
UnityEditor.ProBuilder.EditorUtility:SetGizmoIconEnabled (System.Type,bool) (at Library/PackageCache/com.unity.probuilder@5.0.3/Editor/EditorCore/EditorUtility.cs:575)
UnityEditor.ProBuilder.HierarchyListener:.cctor () (at Library/PackageCache/com.unity.probuilder@5.0.3/Editor/EditorCore/HierarchyListener.cs:21)
System.Runtime.CompilerServices.RuntimeHelpers:RunClassConstructor (System.RuntimeTypeHandle)
UnityEditor.EditorAssemblies:ProcessInitializeOnLoadAttributes (System.Type[])

[Library/PackageCache/com.unity.probuilder@5.0.3/Editor/EditorCore/EditorUtility.cs line 575]

Mono: successfully reloaded assembly
- Completed reload, in 15.874 seconds
Platform modules already initialized, skipping
Refreshing native plugins compatible for Editor in 2.55 ms, found 1 plugins.
Preloading 0 native plugins for Editor in 0.00 ms.
Unloading 3032 Unused Serialized files (Serialized files now loaded: 0)
System memory in use before: 116.3 MB.
System memory in use after: 116.5 MB.

Unloading 10 unused Assets to reduce memory usage. Loaded Objects now: 3523.
Total: 14.645200 ms (FindLiveObjects: 1.318200 ms CreateObjectMapping: 1.370500 ms MarkObjects: 11.313800 ms  DeleteObjects: 0.636500 ms)

========================================================================
Received Prepare
Registering precompiled user dll's ...
Registered in 0.060260 seconds.
Begin MonoManager ReloadAssembly
Native extension for WindowsStandalone target not found
Refreshing native plugins compatible for Editor in 3.85 ms, found 1 plugins.
Preloading 0 native plugins for Editor in 0.00 ms.
Warning: Annotation not found!
UnityEngine.StackTraceUtility:ExtractStackTrace ()
UnityEditor.ProBuilder.EditorUtility:SetGizmoIconEnabled (System.Type,bool) (at Library/PackageCache/com.unity.probuilder@5.0.3/Editor/EditorCore/EditorUtility.cs:575)
UnityEditor.ProBuilder.HierarchyListener:.cctor () (at Library/PackageCache/com.unity.probuilder@5.0.3/Editor/EditorCore/HierarchyListener.cs:21)
System.Runtime.CompilerServices.RuntimeHelpers:RunClassConstructor (System.RuntimeTypeHandle)
UnityEditor.EditorAssemblies:ProcessInitializeOnLoadAttributes (System.Type[])

[Library/PackageCache/com.unity.probuilder@5.0.3/Editor/EditorCore/EditorUtility.cs line 575]

Mono: successfully reloaded assembly
- Completed reload, in 16.212 seconds
Platform modules already initialized, skipping
Refreshing native plugins compatible for Editor in 4.90 ms, found 1 plugins.
Preloading 0 native plugins for Editor in 0.00 ms.
Unloading 3032 Unused Serialized files (Serialized files now loaded: 0)
System memory in use before: 116.4 MB.
System memory in use after: 116.6 MB.

Unloading 10 unused Assets to reduce memory usage. Loaded Objects now: 3526.
Total: 22.832800 ms (FindLiveObjects: 4.573700 ms CreateObjectMapping: 1.048400 ms MarkObjects: 16.726400 ms  DeleteObjects: 0.475200 ms)

AssetImportWorkerClient::OnTransportError - code=2 error=End of file
