Using pre-set license
Built from '2021.1/release' branch; Version is '2021.1.0f1 (61a549675243) revision 6399305'; Using compiler version '192528614'; Build Type 'Release'
OS: 'Windows 10 Pro; OS build 19042.985; Version 2009; 64bit' Language: 'pl' Physical Memory: 8125 MB
BatchMode: 1, IsHumanControllingUs: 0, StartBugReporterOnCrash: 0, Is64bit: 1, IsPro: 0

 COMMAND LINE ARGUMENTS:
C:\Program Files\Unity\Hub\Editor\2021.1.0f1\Editor\Unity.exe
-adb2
-batchMode
-noUpm
-name
AssetImportWorker3
-projectPath
C:/Users/Michał/Documents/GitHub/Zadanie_3/FPS-Zadanie_3/FPS_Zadanie_3
-logFile
Logs/AssetImportWorker3.log
-srvPort
61707
Successfully changed project path to: C:/Users/Michał/Documents/GitHub/Zadanie_3/FPS-Zadanie_3/FPS_Zadanie_3
C:/Users/Michał/Documents/GitHub/Zadanie_3/FPS-Zadanie_3/FPS_Zadanie_3
Using Asset Import Pipeline V2.
Refreshing native plugins compatible for Editor in 318.67 ms, found 1 plugins.
Preloading 0 native plugins for Editor in 0.00 ms.
Initialize engine version: 2021.1.0f1 (61a549675243)
[Subsystems] Discovering subsystems at path C:/Program Files/Unity/Hub/Editor/2021.1.0f1/Editor/Data/Resources/UnitySubsystems
[Subsystems] Discovering subsystems at path C:/Users/Michał/Documents/GitHub/Zadanie_3/FPS-Zadanie_3/FPS_Zadanie_3/Assets
GfxDevice: creating device client; threaded=0; jobified=0
Direct3D:
    Version:  Direct3D 11.0 [level 10.1]
    Renderer: ATI Radeon HD 3600 Series (ID=0x9598)
    Vendor:   ATI
    VRAM:     504 MB
    Driver:   8.970.100.9001
Initialize mono
Mono path[0] = 'C:/Program Files/Unity/Hub/Editor/2021.1.0f1/Editor/Data/Managed'
Mono path[1] = 'C:/Program Files/Unity/Hub/Editor/2021.1.0f1/Editor/Data/MonoBleedingEdge/lib/mono/unityjit'
Mono config path = 'C:/Program Files/Unity/Hub/Editor/2021.1.0f1/Editor/Data/MonoBleedingEdge/etc'
Using monoOptions --debugger-agent=transport=dt_socket,embedding=1,server=y,suspend=n,address=127.0.0.1:56324
Begin MonoManager ReloadAssembly
Registering precompiled unity dll's ...
Register platform support module: C:/Program Files/Unity/Hub/Editor/2021.1.0f1/Editor/Data/PlaybackEngines/WindowsStandaloneSupport/UnityEditor.WindowsStandalone.Extensions.dll
Registered in 0.006021 seconds.
Native extension for WindowsStandalone target not found
Refreshing native plugins compatible for Editor in 230.61 ms, found 1 plugins.
Preloading 0 native plugins for Editor in 0.00 ms.
Mono: successfully reloaded assembly
- Completed reload, in  4.890 seconds
Platform modules already initialized, skipping
Registering precompiled user dll's ...
Registered in 0.011149 seconds.
Begin MonoManager ReloadAssembly
Native extension for WindowsStandalone target not found
Refreshing native plugins compatible for Editor in 1.56 ms, found 1 plugins.
Preloading 0 native plugins for Editor in 0.00 ms.
Mono: successfully reloaded assembly
- Completed reload, in  4.622 seconds
Platform modules already initialized, skipping
========================================================================
Worker process is ready to serve import requests
Launched and connected shader compiler UnityShaderCompiler.exe after 0.22 seconds
Refreshing native plugins compatible for Editor in 3.82 ms, found 1 plugins.
Preloading 0 native plugins for Editor in 0.00 ms.
Unloading 3072 Unused Serialized files (Serialized files now loaded: 0)
System memory in use before: 117.9 MB.
System memory in use after: 118.1 MB.

Unloading 88 unused Assets to reduce memory usage. Loaded Objects now: 3514.
Total: 10.796300 ms (FindLiveObjects: 1.465600 ms CreateObjectMapping: 0.348200 ms MarkObjects: 6.598000 ms  DeleteObjects: 2.378100 ms)

========================================================================
Received Import Request.
  path: Assets/Concrete textures pack/pattern 12/preview.jpg
  artifactKey: Guid(cdba7a4efd4471c4ca63992b88371151) Importer(2089858483,934ff659095e30574adcf32a4c2f97b5)
Start importing Assets/Concrete textures pack/pattern 12/preview.jpg using Guid(cdba7a4efd4471c4ca63992b88371151) Importer(2089858483,934ff659095e30574adcf32a4c2f97b5)  -> (artifact id: 'a4f56c575616df06d1c58c0b0a8c51ad') in 0.433899 seconds 
========================================================================
Received Import Request.
  Time since last request: 0.000888 seconds.
  path: Assets/8K Skybox Pack Free/Skyboxes/Texture/sky-3.png
  artifactKey: Guid(7f5779140d6e64f44a7940b41f49ba81) Importer(2089858483,934ff659095e30574adcf32a4c2f97b5)
Start importing Assets/8K Skybox Pack Free/Skyboxes/Texture/sky-3.png using Guid(7f5779140d6e64f44a7940b41f49ba81) Importer(2089858483,934ff659095e30574adcf32a4c2f97b5)  -> (artifact id: '2e43b827e943f82b536e63b131984569') in 0.043548 seconds 
========================================================================
Received Import Request.
  Time since last request: 0.000575 seconds.
  path: Assets/8K Skybox Pack Free/Skyboxes/Texture/sky-11.png
  artifactKey: Guid(2aa5e1663af98df4380219164a99d330) Importer(2089858483,934ff659095e30574adcf32a4c2f97b5)
Start importing Assets/8K Skybox Pack Free/Skyboxes/Texture/sky-11.png using Guid(2aa5e1663af98df4380219164a99d330) Importer(2089858483,934ff659095e30574adcf32a4c2f97b5)  -> (artifact id: 'a9191d73f05802901ddaf753231d4fcf') in 0.067952 seconds 
========================================================================
Received Import Request.
  Time since last request: 0.023259 seconds.
  path: Assets/8K Skybox Pack Free/Skyboxes/Texture/sky-6.png
  artifactKey: Guid(22f0efbf93ea81b49bce3ac5f1488041) Importer(2089858483,934ff659095e30574adcf32a4c2f97b5)
Start importing Assets/8K Skybox Pack Free/Skyboxes/Texture/sky-6.png using Guid(22f0efbf93ea81b49bce3ac5f1488041) Importer(2089858483,934ff659095e30574adcf32a4c2f97b5)  -> (artifact id: '8169019eed998a30ddeb5c9c40275529') in 0.042635 seconds 
========================================================================
Received Import Request.
  Time since last request: 0.000530 seconds.
  path: Assets/Concrete textures pack/pattern 17/normal.tga
  artifactKey: Guid(dac2a28fc94762d4ca44b2bc4684a2aa) Importer(2089858483,934ff659095e30574adcf32a4c2f97b5)
Start importing Assets/Concrete textures pack/pattern 17/normal.tga using Guid(dac2a28fc94762d4ca44b2bc4684a2aa) Importer(2089858483,934ff659095e30574adcf32a4c2f97b5)  -> (artifact id: '8247f6693ccd0ba8700dfe3ada4783d7') in 0.038784 seconds 
========================================================================
Received Import Request.
  Time since last request: 0.000581 seconds.
  path: Assets/Concrete textures pack/pattern 03/normal.tga
  artifactKey: Guid(a4b3c4b19bb248240b69534d0d290fa6) Importer(2089858483,934ff659095e30574adcf32a4c2f97b5)
Start importing Assets/Concrete textures pack/pattern 03/normal.tga using Guid(a4b3c4b19bb248240b69534d0d290fa6) Importer(2089858483,934ff659095e30574adcf32a4c2f97b5)  -> (artifact id: '7cebc24ce88edc5ba68948cdeb383102') in 0.030017 seconds 
========================================================================
Received Import Request.
  Time since last request: 0.000462 seconds.
  path: Assets/Concrete textures pack/pattern 05/normal.tga
  artifactKey: Guid(2fee60a97b8865c4ca9b84b80f6b12d7) Importer(2089858483,934ff659095e30574adcf32a4c2f97b5)
Start importing Assets/Concrete textures pack/pattern 05/normal.tga using Guid(2fee60a97b8865c4ca9b84b80f6b12d7) Importer(2089858483,934ff659095e30574adcf32a4c2f97b5)  -> (artifact id: 'f63b61d2241d10b0822ee5b498689cc6') in 0.023830 seconds 
========================================================================
Received Import Request.
  Time since last request: 0.000496 seconds.
  path: Assets/Concrete textures pack/pattern 08/normal.tga
  artifactKey: Guid(b9198e7b8cb3f5342a8c154efbaff1d8) Importer(2089858483,934ff659095e30574adcf32a4c2f97b5)
Start importing Assets/Concrete textures pack/pattern 08/normal.tga using Guid(b9198e7b8cb3f5342a8c154efbaff1d8) Importer(2089858483,934ff659095e30574adcf32a4c2f97b5)  -> (artifact id: 'c8f6fe216f828cfb961d65509d746a37') in 0.028466 seconds 
========================================================================
Received Import Request.
  Time since last request: 0.000760 seconds.
  path: Assets/Concrete textures pack/pattern 05/Concrete pattern 05.mat
  artifactKey: Guid(04652004be933ba41b4ac32ddd7f5eeb) Importer(2089858483,934ff659095e30574adcf32a4c2f97b5)
Start importing Assets/Concrete textures pack/pattern 05/Concrete pattern 05.mat using Guid(04652004be933ba41b4ac32ddd7f5eeb) Importer(2089858483,934ff659095e30574adcf32a4c2f97b5)  -> (artifact id: '7b2eb02da670b9ef268544aa246fbbe3') in 0.038941 seconds 
========================================================================
Received Import Request.
  Time since last request: 0.000460 seconds.
  path: Assets/Concrete textures pack/pattern 10/diffuse.tga
  artifactKey: Guid(63572e5568cdd1f4382233109e0172f5) Importer(2089858483,934ff659095e30574adcf32a4c2f97b5)
Start importing Assets/Concrete textures pack/pattern 10/diffuse.tga using Guid(63572e5568cdd1f4382233109e0172f5) Importer(2089858483,934ff659095e30574adcf32a4c2f97b5)  -> (artifact id: 'd7dc7e2d1d880b5b91b4d3f8f18a629d') in 0.025747 seconds 
========================================================================
Received Import Request.
  Time since last request: 0.000521 seconds.
  path: Assets/Concrete textures pack/pattern 15/normal.tga
  artifactKey: Guid(40950fee77595f845a5d4a8f0412559a) Importer(2089858483,934ff659095e30574adcf32a4c2f97b5)
Start importing Assets/Concrete textures pack/pattern 15/normal.tga using Guid(40950fee77595f845a5d4a8f0412559a) Importer(2089858483,934ff659095e30574adcf32a4c2f97b5)  -> (artifact id: '07bd1812ce0cb1577fc58895abb7d300') in 0.021252 seconds 
========================================================================
Received Import Request.
  Time since last request: 0.000542 seconds.
  path: Assets/8K Skybox Pack Free/Skyboxes/Texture/sky-1.png
  artifactKey: Guid(2288e023d12a740468d683a2c1ebddc8) Importer(2089858483,934ff659095e30574adcf32a4c2f97b5)
Start importing Assets/8K Skybox Pack Free/Skyboxes/Texture/sky-1.png using Guid(2288e023d12a740468d683a2c1ebddc8) Importer(2089858483,934ff659095e30574adcf32a4c2f97b5)  -> (artifact id: '80ec77516e85251d537a23e0529748b6') in 0.028344 seconds 
========================================================================
Received Import Request.
  Time since last request: 0.000456 seconds.
  path: Assets/Scenes/SampleScene/ReflectionProbe-0.exr
  artifactKey: Guid(38cda8a974d42c84296ba529b718c1c0) Importer(2089858483,934ff659095e30574adcf32a4c2f97b5)
Start importing Assets/Scenes/SampleScene/ReflectionProbe-0.exr using Guid(38cda8a974d42c84296ba529b718c1c0) Importer(2089858483,934ff659095e30574adcf32a4c2f97b5)  -> (artifact id: '20a7ea507844fd95f3759e7e11e122b1') in 0.031700 seconds 
========================================================================
Received Import Request.
  Time since last request: 0.000523 seconds.
  path: Assets/Concrete textures pack/pattern 16/preview.jpg
  artifactKey: Guid(e7a8e5655be92094eb1308612a817814) Importer(2089858483,934ff659095e30574adcf32a4c2f97b5)
Start importing Assets/Concrete textures pack/pattern 16/preview.jpg using Guid(e7a8e5655be92094eb1308612a817814) Importer(2089858483,934ff659095e30574adcf32a4c2f97b5)  -> (artifact id: 'd0d8d9e52e69a3d68258760d99b19bbe') in 0.024448 seconds 
========================================================================
Received Import Request.
  Time since last request: 0.000526 seconds.
  path: Assets/8K Skybox Pack Free/Example Scenes/sky-3Settings.lighting
  artifactKey: Guid(3c5ec0c32d6d9794a9c9c47f663f00b6) Importer(2089858483,934ff659095e30574adcf32a4c2f97b5)
Start importing Assets/8K Skybox Pack Free/Example Scenes/sky-3Settings.lighting using Guid(3c5ec0c32d6d9794a9c9c47f663f00b6) Importer(2089858483,934ff659095e30574adcf32a4c2f97b5)  -> (artifact id: '6dd254d3aae9dcf3d12d93cf38cce617') in 0.029341 seconds 
========================================================================
Received Import Request.
  Time since last request: 0.000549 seconds.
  path: Assets/Concrete textures pack/pattern 18/normal.tga
  artifactKey: Guid(f6a0536a40541a94e806c5d785eae6ae) Importer(2089858483,934ff659095e30574adcf32a4c2f97b5)
Start importing Assets/Concrete textures pack/pattern 18/normal.tga using Guid(f6a0536a40541a94e806c5d785eae6ae) Importer(2089858483,934ff659095e30574adcf32a4c2f97b5)  -> (artifact id: '34f8ac9ebcd93fcd52506125e29cf5f5') in 0.021751 seconds 
========================================================================
Received Import Request.
  Time since last request: 0.000258 seconds.
  path: Assets/Concrete textures pack/pattern 19/preview.jpg
  artifactKey: Guid(47af16f51bd2a4b499774895c9be3dcb) Importer(2089858483,934ff659095e30574adcf32a4c2f97b5)
Start importing Assets/Concrete textures pack/pattern 19/preview.jpg using Guid(47af16f51bd2a4b499774895c9be3dcb) Importer(2089858483,934ff659095e30574adcf32a4c2f97b5)  -> (artifact id: 'b45507efbeef15e3cacfe7c4d92177ad') in 0.020308 seconds 
========================================================================
Received Import Request.
  Time since last request: 0.000536 seconds.
  path: Assets/Concrete textures pack/pattern 13/diffuse.tga
  artifactKey: Guid(137a6a64c7d915a4a979e2022730a4b1) Importer(2089858483,934ff659095e30574adcf32a4c2f97b5)
Start importing Assets/Concrete textures pack/pattern 13/diffuse.tga using Guid(137a6a64c7d915a4a979e2022730a4b1) Importer(2089858483,934ff659095e30574adcf32a4c2f97b5)  -> (artifact id: '6707e9581c08fa067026376ff1710a41') in 0.022113 seconds 
========================================================================
Received Import Request.
  Time since last request: 0.000458 seconds.
  path: Assets/Concrete textures pack/pattern 08/Concrete pattern 08.mat
  artifactKey: Guid(ebf8b4d16b7f8924fb9116d2e3207836) Importer(2089858483,934ff659095e30574adcf32a4c2f97b5)
Start importing Assets/Concrete textures pack/pattern 08/Concrete pattern 08.mat using Guid(ebf8b4d16b7f8924fb9116d2e3207836) Importer(2089858483,934ff659095e30574adcf32a4c2f97b5)  -> (artifact id: 'f3ca546477d25b005230d86ea455a767') in 0.053837 seconds 
========================================================================
Received Import Request.
  Time since last request: 0.000633 seconds.
  path: Assets/Concrete textures pack/pattern 08/diffuse.tga
  artifactKey: Guid(14efa88d20a9c834fa648fbcf82c2f44) Importer(2089858483,934ff659095e30574adcf32a4c2f97b5)
Start importing Assets/Concrete textures pack/pattern 08/diffuse.tga using Guid(14efa88d20a9c834fa648fbcf82c2f44) Importer(2089858483,934ff659095e30574adcf32a4c2f97b5)  -> (artifact id: '67391b8e85ab85468835db88651ada94') in 0.025665 seconds 
========================================================================
Received Import Request.
  Time since last request: 0.000783 seconds.
  path: Assets/Concrete textures pack/pattern 11/Concrete pattern 11.mat
  artifactKey: Guid(39d9ac5066e1af74cadba0ad038e742b) Importer(2089858483,934ff659095e30574adcf32a4c2f97b5)
Start importing Assets/Concrete textures pack/pattern 11/Concrete pattern 11.mat using Guid(39d9ac5066e1af74cadba0ad038e742b) Importer(2089858483,934ff659095e30574adcf32a4c2f97b5)  -> (artifact id: '4f826ee37ffd13931cfe0554b0e067ab') in 0.028294 seconds 
========================================================================
Received Import Request.
  Time since last request: 0.000654 seconds.
  path: Assets/Concrete textures pack/pattern 13/normal.tga
  artifactKey: Guid(4f0c983aed2f7d6479a2631a806a776a) Importer(2089858483,934ff659095e30574adcf32a4c2f97b5)
Start importing Assets/Concrete textures pack/pattern 13/normal.tga using Guid(4f0c983aed2f7d6479a2631a806a776a) Importer(2089858483,934ff659095e30574adcf32a4c2f97b5)  -> (artifact id: '8fe9791cece3891e9eff722b5ca20990') in 0.028627 seconds 
========================================================================
Received Import Request.
  Time since last request: 0.000469 seconds.
  path: Assets/8K Skybox Pack Free/Example Scenes/sky-8Settings.lighting
  artifactKey: Guid(5cd604d9a4550f048bf9cd7a80f0ff70) Importer(2089858483,934ff659095e30574adcf32a4c2f97b5)
Start importing Assets/8K Skybox Pack Free/Example Scenes/sky-8Settings.lighting using Guid(5cd604d9a4550f048bf9cd7a80f0ff70) Importer(2089858483,934ff659095e30574adcf32a4c2f97b5)  -> (artifact id: '34e0de6e1e0419a6b47d5863a09c7a3c') in 0.026901 seconds 
========================================================================
Received Import Request.
  Time since last request: 0.000592 seconds.
  path: Assets/8K Skybox Pack Free/Skyboxes/Material/sky-3.mat
  artifactKey: Guid(23002981675cee84bbbebf0794b85ea2) Importer(2089858483,934ff659095e30574adcf32a4c2f97b5)
Start importing Assets/8K Skybox Pack Free/Skyboxes/Material/sky-3.mat using Guid(23002981675cee84bbbebf0794b85ea2) Importer(2089858483,934ff659095e30574adcf32a4c2f97b5)  -> (artifact id: '78991851e425ade8828834c628820ff8') in 0.023743 seconds 
========================================================================
Received Import Request.
  Time since last request: 0.000486 seconds.
  path: Assets/Concrete textures pack/pattern 06/normal.tga
  artifactKey: Guid(bb45c9fdde18c2842b841cf4eb598957) Importer(2089858483,934ff659095e30574adcf32a4c2f97b5)
Start importing Assets/Concrete textures pack/pattern 06/normal.tga using Guid(bb45c9fdde18c2842b841cf4eb598957) Importer(2089858483,934ff659095e30574adcf32a4c2f97b5)  -> (artifact id: '700275b562fd20ce4af50df9076ad78a') in 0.019799 seconds 
========================================================================
Received Import Request.
  Time since last request: 0.000585 seconds.
  path: Assets/Concrete textures pack/pattern 07/Concrete pattern 07.mat
  artifactKey: Guid(b1d36282b2c17c84fb2f618cba0439a2) Importer(2089858483,934ff659095e30574adcf32a4c2f97b5)
Start importing Assets/Concrete textures pack/pattern 07/Concrete pattern 07.mat using Guid(b1d36282b2c17c84fb2f618cba0439a2) Importer(2089858483,934ff659095e30574adcf32a4c2f97b5)  -> (artifact id: 'd8b133b0de45137d2e2d1743e3873cb6') in 0.029312 seconds 
========================================================================
Received Import Request.
  Time since last request: 0.000486 seconds.
  path: Assets/Concrete textures pack/pattern 07/normal.tga
  artifactKey: Guid(7a6f2bd98e2c2a347a46d434d356e86a) Importer(2089858483,934ff659095e30574adcf32a4c2f97b5)
Start importing Assets/Concrete textures pack/pattern 07/normal.tga using Guid(7a6f2bd98e2c2a347a46d434d356e86a) Importer(2089858483,934ff659095e30574adcf32a4c2f97b5)  -> (artifact id: '34282b0a66c682c579675c55bdf7eb51') in 0.019770 seconds 
========================================================================
Received Import Request.
  Time since last request: 0.000526 seconds.
  path: Assets/Concrete textures pack/pattern 20/normal.tga
  artifactKey: Guid(7a8be65734a93fc49aca732fcf50e57e) Importer(2089858483,934ff659095e30574adcf32a4c2f97b5)
Start importing Assets/Concrete textures pack/pattern 20/normal.tga using Guid(7a8be65734a93fc49aca732fcf50e57e) Importer(2089858483,934ff659095e30574adcf32a4c2f97b5)  -> (artifact id: '1fbda9d227d633e62e34ee7501d7c560') in 0.020353 seconds 
========================================================================
Received Import Request.
  Time since last request: 0.000516 seconds.
  path: Assets/8K Skybox Pack Free/Skyboxes/Texture/sky-5.png
  artifactKey: Guid(100fa8e1632686d4197cf0ade5e18678) Importer(2089858483,934ff659095e30574adcf32a4c2f97b5)
Start importing Assets/8K Skybox Pack Free/Skyboxes/Texture/sky-5.png using Guid(100fa8e1632686d4197cf0ade5e18678) Importer(2089858483,934ff659095e30574adcf32a4c2f97b5)  -> (artifact id: '2675a971671f8f9e89ef1a7bba895da3') in 0.029488 seconds 
========================================================================
Received Import Request.
  Time since last request: 0.000524 seconds.
  path: Assets/8K Skybox Pack Free/Skyboxes/Material/sky-2.mat
  artifactKey: Guid(9b7ca251e8646c54db0a77ae2021bf9b) Importer(2089858483,934ff659095e30574adcf32a4c2f97b5)
Start importing Assets/8K Skybox Pack Free/Skyboxes/Material/sky-2.mat using Guid(9b7ca251e8646c54db0a77ae2021bf9b) Importer(2089858483,934ff659095e30574adcf32a4c2f97b5)  -> (artifact id: 'f28cb28e9946d11adf55db0dc9f88941') in 0.025025 seconds 
========================================================================
Received Import Request.
  Time since last request: 0.000487 seconds.
  path: Assets/Concrete textures pack/pattern 20/preview.jpg
  artifactKey: Guid(24ac637c34a5abb4798a57b62a329104) Importer(2089858483,934ff659095e30574adcf32a4c2f97b5)
Start importing Assets/Concrete textures pack/pattern 20/preview.jpg using Guid(24ac637c34a5abb4798a57b62a329104) Importer(2089858483,934ff659095e30574adcf32a4c2f97b5)  -> (artifact id: 'c388fe4e782f132e1276d93a8cd562d4') in 0.024919 seconds 
========================================================================
Received Import Request.
  Time since last request: 0.000646 seconds.
  path: Assets/8K Skybox Pack Free/Skyboxes/Material/sky-6.mat
  artifactKey: Guid(b87cacf51931a5841b5931a664fd0730) Importer(2089858483,934ff659095e30574adcf32a4c2f97b5)
Start importing Assets/8K Skybox Pack Free/Skyboxes/Material/sky-6.mat using Guid(b87cacf51931a5841b5931a664fd0730) Importer(2089858483,934ff659095e30574adcf32a4c2f97b5)  -> (artifact id: 'c41a0a2d89ba0930dd5af346e2e4480b') in 0.021002 seconds 
========================================================================
Received Import Request.
  Time since last request: 0.000483 seconds.
  path: Assets/8K Skybox Pack Free/Example Scenes/sky-4.unity
  artifactKey: Guid(32a93ca2f23f72845acdf69ec8de31d9) Importer(2089858483,934ff659095e30574adcf32a4c2f97b5)
Start importing Assets/8K Skybox Pack Free/Example Scenes/sky-4.unity using Guid(32a93ca2f23f72845acdf69ec8de31d9) Importer(2089858483,934ff659095e30574adcf32a4c2f97b5)  -> (artifact id: 'cebf162fbac6d1b73eee778626fe7b11') in 0.055479 seconds 
========================================================================
Received Import Request.
  Time since last request: 0.000432 seconds.
  path: Assets/Concrete textures pack/pattern 05/diffuse.tga
  artifactKey: Guid(f3c3b5b741e8fda40b5541562f461415) Importer(2089858483,934ff659095e30574adcf32a4c2f97b5)
Start importing Assets/Concrete textures pack/pattern 05/diffuse.tga using Guid(f3c3b5b741e8fda40b5541562f461415) Importer(2089858483,934ff659095e30574adcf32a4c2f97b5)  -> (artifact id: '5ae0e78497bb6955b0d848281164ea49') in 0.042930 seconds 
========================================================================
Received Import Request.
  Time since last request: 0.000476 seconds.
  path: Assets/8K Skybox Pack Free/Skyboxes/Material/sky-7.mat
  artifactKey: Guid(5336727d7be32404c9ac396789142e1c) Importer(2089858483,934ff659095e30574adcf32a4c2f97b5)
Start importing Assets/8K Skybox Pack Free/Skyboxes/Material/sky-7.mat using Guid(5336727d7be32404c9ac396789142e1c) Importer(2089858483,934ff659095e30574adcf32a4c2f97b5)  -> (artifact id: '1aab3c6217b8e14340d4d787bbf2644e') in 0.025276 seconds 
========================================================================
Received Import Request.
  Time since last request: 0.000426 seconds.
  path: Assets/8K Skybox Pack Free/Skyboxes/Material/sky-8.mat
  artifactKey: Guid(ebc9df751692e5740abb521f3539fcd0) Importer(2089858483,934ff659095e30574adcf32a4c2f97b5)
Start importing Assets/8K Skybox Pack Free/Skyboxes/Material/sky-8.mat using Guid(ebc9df751692e5740abb521f3539fcd0) Importer(2089858483,934ff659095e30574adcf32a4c2f97b5)  -> (artifact id: 'ec997d149285cf65dd75cdc9154b145a') in 0.035897 seconds 
========================================================================
Received Import Request.
  Time since last request: 0.001669 seconds.
  path: Assets/Concrete textures pack/pattern 10/Concrete pattern 10.mat
  artifactKey: Guid(3ff803e95ede8de42a2adbcd1dd530d6) Importer(2089858483,934ff659095e30574adcf32a4c2f97b5)
Start importing Assets/Concrete textures pack/pattern 10/Concrete pattern 10.mat using Guid(3ff803e95ede8de42a2adbcd1dd530d6) Importer(2089858483,934ff659095e30574adcf32a4c2f97b5)  -> (artifact id: 'c72356cd55ccaa4ae02b83f75023884a') in 0.026987 seconds 
========================================================================
Received Import Request.
  Time since last request: 0.000513 seconds.
  path: Assets/8K Skybox Pack Free/Example Scenes/sky-2.unity
  artifactKey: Guid(3fa6925b47b05f34e9d6bdf9de1e80e3) Importer(2089858483,934ff659095e30574adcf32a4c2f97b5)
Start importing Assets/8K Skybox Pack Free/Example Scenes/sky-2.unity using Guid(3fa6925b47b05f34e9d6bdf9de1e80e3) Importer(2089858483,934ff659095e30574adcf32a4c2f97b5)  -> (artifact id: '4b83ad8990cc7e99c7c04eddf193d794') in 0.026143 seconds 
========================================================================
Received Import Request.
  Time since last request: 0.000714 seconds.
  path: Assets/8K Skybox Pack Free/Skyboxes/Texture/Materials/sky-3.mat
  artifactKey: Guid(cb33ff8ba16405b42a0c6bd8acfe2bd2) Importer(2089858483,934ff659095e30574adcf32a4c2f97b5)
Start importing Assets/8K Skybox Pack Free/Skyboxes/Texture/Materials/sky-3.mat using Guid(cb33ff8ba16405b42a0c6bd8acfe2bd2) Importer(2089858483,934ff659095e30574adcf32a4c2f97b5)  -> (artifact id: '29b87a7ff77e301c6f61305d549bb147') in 0.025797 seconds 
========================================================================
Received Import Request.
  Time since last request: 0.000551 seconds.
  path: Assets/8K Skybox Pack Free/Skyboxes/Material/sky-11.mat
  artifactKey: Guid(0657637449dfba34f84c2e4cf23683b6) Importer(2089858483,934ff659095e30574adcf32a4c2f97b5)
Start importing Assets/8K Skybox Pack Free/Skyboxes/Material/sky-11.mat using Guid(0657637449dfba34f84c2e4cf23683b6) Importer(2089858483,934ff659095e30574adcf32a4c2f97b5)  -> (artifact id: 'f38a6b0e8018588ee4bce8ec47309877') in 0.020831 seconds 
========================================================================
Received Import Request.
  Time since last request: 0.000493 seconds.
  path: Assets/8K Skybox Pack Free/Example Scenes/sky-2Settings.lighting
  artifactKey: Guid(b44a4fcb34762e84ebb5d086cc9bddda) Importer(2089858483,934ff659095e30574adcf32a4c2f97b5)
Start importing Assets/8K Skybox Pack Free/Example Scenes/sky-2Settings.lighting using Guid(b44a4fcb34762e84ebb5d086cc9bddda) Importer(2089858483,934ff659095e30574adcf32a4c2f97b5)  -> (artifact id: '89fa9f82f17be0cee71d9ce1ec191f0f') in 0.030030 seconds 
========================================================================
Received Import Request.
  Time since last request: 0.000491 seconds.
  path: Assets/8K Skybox Pack Free/Example Scenes/sky-1Settings.lighting
  artifactKey: Guid(eae12fe659e276540b499150cfac2971) Importer(2089858483,934ff659095e30574adcf32a4c2f97b5)
Start importing Assets/8K Skybox Pack Free/Example Scenes/sky-1Settings.lighting using Guid(eae12fe659e276540b499150cfac2971) Importer(2089858483,934ff659095e30574adcf32a4c2f97b5)  -> (artifact id: '08b5764b4c742f7d9459c6468414a8b5') in 0.027693 seconds 
========================================================================
Received Import Request.
  Time since last request: 0.000635 seconds.
  path: Assets/Concrete textures pack/pattern 01/diffuse.tga
  artifactKey: Guid(52fb9790650d0324c8b24cae56159844) Importer(2089858483,934ff659095e30574adcf32a4c2f97b5)
Start importing Assets/Concrete textures pack/pattern 01/diffuse.tga using Guid(52fb9790650d0324c8b24cae56159844) Importer(2089858483,934ff659095e30574adcf32a4c2f97b5)  -> (artifact id: 'b1067659964b326f72962c041e25309d') in 0.024247 seconds 
========================================================================
Received Import Request.
  Time since last request: 0.000595 seconds.
  path: Assets/8K Skybox Pack Free/Skyboxes/Material/sky-5.mat
  artifactKey: Guid(03389866351d19a47adc95c57d054097) Importer(2089858483,934ff659095e30574adcf32a4c2f97b5)
Start importing Assets/8K Skybox Pack Free/Skyboxes/Material/sky-5.mat using Guid(03389866351d19a47adc95c57d054097) Importer(2089858483,934ff659095e30574adcf32a4c2f97b5)  -> (artifact id: 'cce34661e32df1370074c0e7e94079ac') in 0.030976 seconds 
========================================================================
Received Import Request.
  Time since last request: 0.000568 seconds.
  path: Assets/8K Skybox Pack Free/Example Scenes/sky-6Settings.lighting
  artifactKey: Guid(f49d78a8202176c408c037b0bdff8b4a) Importer(2089858483,934ff659095e30574adcf32a4c2f97b5)
Start importing Assets/8K Skybox Pack Free/Example Scenes/sky-6Settings.lighting using Guid(f49d78a8202176c408c037b0bdff8b4a) Importer(2089858483,934ff659095e30574adcf32a4c2f97b5)  -> (artifact id: '18a9c91e5d676ba37cafc1ad73917131') in 0.034281 seconds 
========================================================================
Received Import Request.
  Time since last request: 0.000568 seconds.
  path: Assets/8K Skybox Pack Free/Skyboxes/Texture/sky-10.png
  artifactKey: Guid(0786698e0db475f468c5246a3253c740) Importer(2089858483,934ff659095e30574adcf32a4c2f97b5)
Start importing Assets/8K Skybox Pack Free/Skyboxes/Texture/sky-10.png using Guid(0786698e0db475f468c5246a3253c740) Importer(2089858483,934ff659095e30574adcf32a4c2f97b5)  -> (artifact id: '900f455a9318392f02754d81f35cf074') in 0.026440 seconds 
========================================================================
Received Import Request.
  Time since last request: 0.000651 seconds.
  path: Assets/8K Skybox Pack Free/Example Scenes/sky-12.unity
  artifactKey: Guid(7dc5da4d97a696742aef5eacb1f51e13) Importer(2089858483,934ff659095e30574adcf32a4c2f97b5)
Start importing Assets/8K Skybox Pack Free/Example Scenes/sky-12.unity using Guid(7dc5da4d97a696742aef5eacb1f51e13) Importer(2089858483,934ff659095e30574adcf32a4c2f97b5)  -> (artifact id: 'b84963332129644a798f55a5bd36c26c') in 0.029875 seconds 
========================================================================
Received Import Request.
  Time since last request: 0.000470 seconds.
  path: Assets/ProBuilder Data/Default Material Palette.asset
  artifactKey: Guid(dd4acc8d372086145984e6c5c6a53654) Importer(2089858483,934ff659095e30574adcf32a4c2f97b5)
Start importing Assets/ProBuilder Data/Default Material Palette.asset using Guid(dd4acc8d372086145984e6c5c6a53654) Importer(2089858483,934ff659095e30574adcf32a4c2f97b5)  -> (artifact id: '476f99bbc9dd3c1397d1f19000838864') in 0.066537 seconds 
========================================================================
Received Import Request.
  Time since last request: 0.000540 seconds.
  path: Assets/8K Skybox Pack Free/Example Scenes/sky-5.unity
  artifactKey: Guid(d2907a531cb2e454e8a34bbab74922da) Importer(2089858483,934ff659095e30574adcf32a4c2f97b5)
Start importing Assets/8K Skybox Pack Free/Example Scenes/sky-5.unity using Guid(d2907a531cb2e454e8a34bbab74922da) Importer(2089858483,934ff659095e30574adcf32a4c2f97b5)  -> (artifact id: '9655a66b0da2cce9d60be782265b97f2') in 0.030559 seconds 
========================================================================
Received Import Request.
  Time since last request: 0.000533 seconds.
  path: Assets/Concrete textures pack/pattern 02/normal.tga
  artifactKey: Guid(36c90be17cf50af41a9f4c35a0abc566) Importer(2089858483,934ff659095e30574adcf32a4c2f97b5)
Start importing Assets/Concrete textures pack/pattern 02/normal.tga using Guid(36c90be17cf50af41a9f4c35a0abc566) Importer(2089858483,934ff659095e30574adcf32a4c2f97b5)  -> (artifact id: '9fb9b67f4f7b52a7c353cf05f05e912f') in 0.022522 seconds 
========================================================================
Received Import Request.
  Time since last request: 0.000476 seconds.
  path: Assets/Concrete textures pack/pattern 06/diffuse.tga
  artifactKey: Guid(797b455d235e0f9429d6eedc7e2e6e49) Importer(2089858483,934ff659095e30574adcf32a4c2f97b5)
Start importing Assets/Concrete textures pack/pattern 06/diffuse.tga using Guid(797b455d235e0f9429d6eedc7e2e6e49) Importer(2089858483,934ff659095e30574adcf32a4c2f97b5)  -> (artifact id: '635543b06a5115c8c7e2fa1f39a90c7c') in 0.036500 seconds 
========================================================================
Received Import Request.
  Time since last request: 0.000775 seconds.
  path: Assets/8K Skybox Pack Free/Example Scenes/Script/RotateCamera.cs
  artifactKey: Guid(77c62d2a40e848d44b542da522451282) Importer(2089858483,934ff659095e30574adcf32a4c2f97b5)
Start importing Assets/8K Skybox Pack Free/Example Scenes/Script/RotateCamera.cs using Guid(77c62d2a40e848d44b542da522451282) Importer(2089858483,934ff659095e30574adcf32a4c2f97b5)  -> (artifact id: '151d9d1b4499b7783901977dfa3be0ce') in 0.075913 seconds 
========================================================================
Received Import Request.
  Time since last request: 0.000539 seconds.
  path: Assets/Concrete textures pack/pattern 01/preview.jpg
  artifactKey: Guid(b66c0912b671be645bfcf63a83e63369) Importer(2089858483,934ff659095e30574adcf32a4c2f97b5)
Start importing Assets/Concrete textures pack/pattern 01/preview.jpg using Guid(b66c0912b671be645bfcf63a83e63369) Importer(2089858483,934ff659095e30574adcf32a4c2f97b5)  -> (artifact id: '1f292e5310c19b6df4c54514909ccd3a') in 0.031097 seconds 
========================================================================
Received Import Request.
  Time since last request: 0.000518 seconds.
  path: Assets/8K Skybox Pack Free/Skyboxes/Texture/sky-9.png
  artifactKey: Guid(f15e9ebb1ca5a424c916746d3be478bb) Importer(2089858483,934ff659095e30574adcf32a4c2f97b5)
Start importing Assets/8K Skybox Pack Free/Skyboxes/Texture/sky-9.png using Guid(f15e9ebb1ca5a424c916746d3be478bb) Importer(2089858483,934ff659095e30574adcf32a4c2f97b5)  -> (artifact id: 'fc20999990ad15718b6e8ef89f63dc88') in 0.028169 seconds 
========================================================================
Received Import Request.
  Time since last request: 0.000601 seconds.
  path: Assets/Concrete textures pack/pattern 03/diffuse.tga
  artifactKey: Guid(a0abf4a2000b8db4b839f1a048fafbc8) Importer(2089858483,934ff659095e30574adcf32a4c2f97b5)
Start importing Assets/Concrete textures pack/pattern 03/diffuse.tga using Guid(a0abf4a2000b8db4b839f1a048fafbc8) Importer(2089858483,934ff659095e30574adcf32a4c2f97b5)  -> (artifact id: '3cf624f63eaee93c54d79632eb81aff0') in 0.022709 seconds 
========================================================================
Received Import Request.
  Time since last request: 0.000533 seconds.
  path: Assets/Concrete textures pack/pattern 11/normal.tga
  artifactKey: Guid(fbcf021c5f50bd24cbe41780e59d027b) Importer(2089858483,934ff659095e30574adcf32a4c2f97b5)
Start importing Assets/Concrete textures pack/pattern 11/normal.tga using Guid(fbcf021c5f50bd24cbe41780e59d027b) Importer(2089858483,934ff659095e30574adcf32a4c2f97b5)  -> (artifact id: 'cef5846931c1542a3e9396eb820ba4b8') in 0.022843 seconds 
========================================================================
Received Import Request.
  Time since last request: 0.000541 seconds.
  path: Assets/Concrete textures pack/pattern 16/normal.tga
  artifactKey: Guid(7de3f241545f4454b9eeddd0482d3690) Importer(2089858483,934ff659095e30574adcf32a4c2f97b5)
Start importing Assets/Concrete textures pack/pattern 16/normal.tga using Guid(7de3f241545f4454b9eeddd0482d3690) Importer(2089858483,934ff659095e30574adcf32a4c2f97b5)  -> (artifact id: '2ea4149c482f2045745e07ae3756b73d') in 0.022592 seconds 
========================================================================
Received Import Request.
  Time since last request: 0.000548 seconds.
  path: Assets/Concrete textures pack/pattern 08/preview.jpg
  artifactKey: Guid(43b803fa02a13fe4baf62f168d83c8a9) Importer(2089858483,934ff659095e30574adcf32a4c2f97b5)
Start importing Assets/Concrete textures pack/pattern 08/preview.jpg using Guid(43b803fa02a13fe4baf62f168d83c8a9) Importer(2089858483,934ff659095e30574adcf32a4c2f97b5)  -> (artifact id: '3b47a5490c81bc1a70f425ae7167187e') in 0.026114 seconds 
========================================================================
Received Import Request.
  Time since last request: 0.000503 seconds.
  path: Assets/Concrete textures pack/pattern 09/preview.jpg
  artifactKey: Guid(48eac1a26c880a64283c0ad77895d4b0) Importer(2089858483,934ff659095e30574adcf32a4c2f97b5)
Start importing Assets/Concrete textures pack/pattern 09/preview.jpg using Guid(48eac1a26c880a64283c0ad77895d4b0) Importer(2089858483,934ff659095e30574adcf32a4c2f97b5)  -> (artifact id: 'a7c2bfa5ed6ce35a9b0094335d9fb7e2') in 0.021646 seconds 
========================================================================
Received Import Request.
  Time since last request: 0.000540 seconds.
  path: Assets/Concrete textures pack/pattern 03/preview.jpg
  artifactKey: Guid(f4ecf1c1e4543d14ea7d040b6ad512de) Importer(2089858483,934ff659095e30574adcf32a4c2f97b5)
Start importing Assets/Concrete textures pack/pattern 03/preview.jpg using Guid(f4ecf1c1e4543d14ea7d040b6ad512de) Importer(2089858483,934ff659095e30574adcf32a4c2f97b5)  -> (artifact id: 'e2191ec12cc16c5cf38566e223238df8') in 0.026489 seconds 
========================================================================
Received Import Request.
  Time since last request: 0.000545 seconds.
  path: Assets/Scenes/SampleScene/Lightmap-0_comp_light.exr
  artifactKey: Guid(c8383bfe34b7e5041a15ddfd8327c424) Importer(2089858483,934ff659095e30574adcf32a4c2f97b5)
Start importing Assets/Scenes/SampleScene/Lightmap-0_comp_light.exr using Guid(c8383bfe34b7e5041a15ddfd8327c424) Importer(2089858483,934ff659095e30574adcf32a4c2f97b5)  -> (artifact id: '29b41699efb4b0853409559c60b035b5') in 0.024295 seconds 
========================================================================
Received Import Request.
  Time since last request: 0.000567 seconds.
  path: Assets/Concrete textures pack/pattern 11/diffuse.tga
  artifactKey: Guid(4fd7d8b01792b324ba55aba32b8e7714) Importer(2089858483,934ff659095e30574adcf32a4c2f97b5)
Start importing Assets/Concrete textures pack/pattern 11/diffuse.tga using Guid(4fd7d8b01792b324ba55aba32b8e7714) Importer(2089858483,934ff659095e30574adcf32a4c2f97b5)  -> (artifact id: 'ca6db5595883f738c13972cb47255e3f') in 0.018043 seconds 
========================================================================
Received Import Request.
  Time since last request: 0.000489 seconds.
  path: Assets/Scenes/SampleScene/LightingData.asset
  artifactKey: Guid(f501dd2f96fbf4c429714b9b5876de7c) Importer(2089858483,934ff659095e30574adcf32a4c2f97b5)
Start importing Assets/Scenes/SampleScene/LightingData.asset using Guid(f501dd2f96fbf4c429714b9b5876de7c) Importer(2089858483,934ff659095e30574adcf32a4c2f97b5)  -> (artifact id: '3b84a7e6d35b4bf7d89079917ba540ea') in 0.025068 seconds 
========================================================================
Received Import Request.
  Time since last request: 0.000337 seconds.
  path: Assets/8K Skybox Pack Free/Example Scenes/sky-9.unity
  artifactKey: Guid(68b378c1ed9a8ff428335ed84c25f0e1) Importer(2089858483,934ff659095e30574adcf32a4c2f97b5)
Start importing Assets/8K Skybox Pack Free/Example Scenes/sky-9.unity using Guid(68b378c1ed9a8ff428335ed84c25f0e1) Importer(2089858483,934ff659095e30574adcf32a4c2f97b5)  -> (artifact id: 'f9b5cffed1c9e4f54a6c64ccc703ac8b') in 0.025937 seconds 
========================================================================
Received Import Request.
  Time since last request: 0.000488 seconds.
  path: Assets/Concrete textures pack/pattern 09/diffuse.tga
  artifactKey: Guid(e7e2260ae09042e4f85772607531094f) Importer(2089858483,934ff659095e30574adcf32a4c2f97b5)
Start importing Assets/Concrete textures pack/pattern 09/diffuse.tga using Guid(e7e2260ae09042e4f85772607531094f) Importer(2089858483,934ff659095e30574adcf32a4c2f97b5)  -> (artifact id: 'b443873c7588d6efd103725e822e939e') in 0.023515 seconds 
========================================================================
Received Import Request.
  Time since last request: 0.000528 seconds.
  path: Assets/ProBuilder Data/Default Color Palette.asset
  artifactKey: Guid(05a95daceed7c404395f88c983aad013) Importer(2089858483,934ff659095e30574adcf32a4c2f97b5)
Start importing Assets/ProBuilder Data/Default Color Palette.asset using Guid(05a95daceed7c404395f88c983aad013) Importer(2089858483,934ff659095e30574adcf32a4c2f97b5)  -> (artifact id: 'c694f2acb08dce0a3fdba62565c14233') in 0.047440 seconds 
========================================================================
Received Import Request.
  Time since last request: 0.000358 seconds.
  path: Assets/Concrete textures pack/pattern 11/preview.jpg
  artifactKey: Guid(141a53777240c2644b20b45c14cdb504) Importer(2089858483,934ff659095e30574adcf32a4c2f97b5)
Start importing Assets/Concrete textures pack/pattern 11/preview.jpg using Guid(141a53777240c2644b20b45c14cdb504) Importer(2089858483,934ff659095e30574adcf32a4c2f97b5)  -> (artifact id: '45e4bd4538ab027c343bc0382351c080') in 0.024839 seconds 
========================================================================
Received Import Request.
  Time since last request: 0.000384 seconds.
  path: Assets/Concrete textures pack/pattern 10/preview.jpg
  artifactKey: Guid(3cca3be7de00d904ba412eb14b6c1990) Importer(2089858483,934ff659095e30574adcf32a4c2f97b5)
Start importing Assets/Concrete textures pack/pattern 10/preview.jpg using Guid(3cca3be7de00d904ba412eb14b6c1990) Importer(2089858483,934ff659095e30574adcf32a4c2f97b5)  -> (artifact id: '9c49560619b33f0003618b71a851596d') in 0.550015 seconds 
========================================================================
Received Import Request.
  Time since last request: 0.000548 seconds.
  path: Assets/Concrete textures pack/pattern 12/diffuse.tga
  artifactKey: Guid(0f7d501e1bd83f342a13e87ad73a2021) Importer(2089858483,934ff659095e30574adcf32a4c2f97b5)
Start importing Assets/Concrete textures pack/pattern 12/diffuse.tga using Guid(0f7d501e1bd83f342a13e87ad73a2021) Importer(2089858483,934ff659095e30574adcf32a4c2f97b5)  -> (artifact id: 'cb5d6b21df3e1732b984547af27e0f3a') in 0.022780 seconds 
========================================================================
Received Import Request.
  Time since last request: 0.000556 seconds.
  path: Assets/Concrete textures pack/pattern 15/preview.jpg
  artifactKey: Guid(1892b5ecef2d16044979248b98bd5233) Importer(2089858483,934ff659095e30574adcf32a4c2f97b5)
Start importing Assets/Concrete textures pack/pattern 15/preview.jpg using Guid(1892b5ecef2d16044979248b98bd5233) Importer(2089858483,934ff659095e30574adcf32a4c2f97b5)  -> (artifact id: '960d3aa7e487ec161fcabfedf2870d5a') in 0.023147 seconds 
========================================================================
Received Import Request.
  Time since last request: 0.000455 seconds.
  path: Assets/Concrete textures pack/pattern 09/Concrete pattern 09.mat
  artifactKey: Guid(90caba3031f3bb6489b26535a49cd81d) Importer(2089858483,934ff659095e30574adcf32a4c2f97b5)
Start importing Assets/Concrete textures pack/pattern 09/Concrete pattern 09.mat using Guid(90caba3031f3bb6489b26535a49cd81d) Importer(2089858483,934ff659095e30574adcf32a4c2f97b5)  -> (artifact id: '89950b2b4d164676c42a40df2135833e') in 0.027589 seconds 
========================================================================
Received Import Request.
  Time since last request: 0.000621 seconds.
  path: Assets/8K Skybox Pack Free/Skyboxes/Texture/sky-7.png
  artifactKey: Guid(c7446ec5690a9ae4190faeaae79086b3) Importer(2089858483,934ff659095e30574adcf32a4c2f97b5)
Start importing Assets/8K Skybox Pack Free/Skyboxes/Texture/sky-7.png using Guid(c7446ec5690a9ae4190faeaae79086b3) Importer(2089858483,934ff659095e30574adcf32a4c2f97b5)  -> (artifact id: '08e6532503ae7c240abcdf75aaa2008d') in 0.028000 seconds 
========================================================================
Received Import Request.
  Time since last request: 0.000463 seconds.
  path: Assets/Scenes/SampleScene/Lightmap-0_comp_dir.png
  artifactKey: Guid(d1b1db32d36cf484193663ded8d3e72d) Importer(2089858483,934ff659095e30574adcf32a4c2f97b5)
Start importing Assets/Scenes/SampleScene/Lightmap-0_comp_dir.png using Guid(d1b1db32d36cf484193663ded8d3e72d) Importer(2089858483,934ff659095e30574adcf32a4c2f97b5)  -> (artifact id: '205ad41feeb77cd2815106603752bf2f') in 0.029536 seconds 
========================================================================
Received Import Request.
  Time since last request: 0.000194 seconds.
  path: Assets/8K Skybox Pack Free/Example Scenes/sky-6.unity
  artifactKey: Guid(5639d6307d5ca7946894b4734f3c3b5d) Importer(2089858483,934ff659095e30574adcf32a4c2f97b5)
Start importing Assets/8K Skybox Pack Free/Example Scenes/sky-6.unity using Guid(5639d6307d5ca7946894b4734f3c3b5d) Importer(2089858483,934ff659095e30574adcf32a4c2f97b5)  -> (artifact id: '70e360caef5d15c7050470b9c9784f8b') in 0.026124 seconds 
========================================================================
Received Import Request.
  Time since last request: 0.000211 seconds.
  path: Assets/8K Skybox Pack Free/Example Scenes/sky-11.unity
  artifactKey: Guid(38407c5cf340cf344890b8a89d087ff5) Importer(2089858483,934ff659095e30574adcf32a4c2f97b5)
Start importing Assets/8K Skybox Pack Free/Example Scenes/sky-11.unity using Guid(38407c5cf340cf344890b8a89d087ff5) Importer(2089858483,934ff659095e30574adcf32a4c2f97b5)  -> (artifact id: '597d1e3c5f6afcadc3e480f5d954a5d0') in 0.026303 seconds 
========================================================================
Received Import Request.
  Time since last request: 0.000616 seconds.
  path: Assets/Concrete textures pack/pattern 02/preview.jpg
  artifactKey: Guid(07a98f2a2d328484eb1ec0d5dfe110f8) Importer(2089858483,934ff659095e30574adcf32a4c2f97b5)
Start importing Assets/Concrete textures pack/pattern 02/preview.jpg using Guid(07a98f2a2d328484eb1ec0d5dfe110f8) Importer(2089858483,934ff659095e30574adcf32a4c2f97b5)  -> (artifact id: '228ca0ad6b3c518c79cc35cb5a9a2b74') in 0.023981 seconds 
========================================================================
Received Import Request.
  Time since last request: 0.000477 seconds.
  path: Assets/Concrete textures pack/pattern 09/normal.tga
  artifactKey: Guid(351659eb5c7bd504f8cc03dc40527e51) Importer(2089858483,934ff659095e30574adcf32a4c2f97b5)
Start importing Assets/Concrete textures pack/pattern 09/normal.tga using Guid(351659eb5c7bd504f8cc03dc40527e51) Importer(2089858483,934ff659095e30574adcf32a4c2f97b5)  -> (artifact id: '4651bfaa84da0cde12c9235d6e46783a') in 0.023762 seconds 
========================================================================
Received Import Request.
  Time since last request: 0.000482 seconds.
  path: Assets/8K Skybox Pack Free/Skyboxes/Material/sky-12.mat
  artifactKey: Guid(356decb03293f22498cb5565d128c9da) Importer(2089858483,934ff659095e30574adcf32a4c2f97b5)
Start importing Assets/8K Skybox Pack Free/Skyboxes/Material/sky-12.mat using Guid(356decb03293f22498cb5565d128c9da) Importer(2089858483,934ff659095e30574adcf32a4c2f97b5)  -> (artifact id: '142c89c92220d97fffdd47f9e51c6809') in 0.029116 seconds 
========================================================================
Received Import Request.
  Time since last request: 0.000569 seconds.
  path: Assets/8K Skybox Pack Free/Example Scenes/sky-3.unity
  artifactKey: Guid(130e488e25e50f544a898ab1b327e820) Importer(2089858483,934ff659095e30574adcf32a4c2f97b5)
Start importing Assets/8K Skybox Pack Free/Example Scenes/sky-3.unity using Guid(130e488e25e50f544a898ab1b327e820) Importer(2089858483,934ff659095e30574adcf32a4c2f97b5)  -> (artifact id: 'ebd08f49c41aa5b809099ce293954451') in 0.027941 seconds 
========================================================================
Received Import Request.
  Time since last request: 0.000550 seconds.
  path: Assets/Concrete textures pack/pattern 12/normal.tga
  artifactKey: Guid(0832867a17f1d6f48baf3814242b85fe) Importer(2089858483,934ff659095e30574adcf32a4c2f97b5)
Start importing Assets/Concrete textures pack/pattern 12/normal.tga using Guid(0832867a17f1d6f48baf3814242b85fe) Importer(2089858483,934ff659095e30574adcf32a4c2f97b5)  -> (artifact id: 'aa32e14b9ce12c932b27e80784c25c6d') in 0.026863 seconds 
========================================================================
Received Import Request.
  Time since last request: 0.000493 seconds.
  path: Assets/Concrete textures pack/pattern 17/Concrete pattern 17.mat
  artifactKey: Guid(573165ec89c0f4a488f962940dc8d6d9) Importer(2089858483,934ff659095e30574adcf32a4c2f97b5)
Start importing Assets/Concrete textures pack/pattern 17/Concrete pattern 17.mat using Guid(573165ec89c0f4a488f962940dc8d6d9) Importer(2089858483,934ff659095e30574adcf32a4c2f97b5)  -> (artifact id: '0b2b915ee8ea5115c002cd59035be649') in 0.022532 seconds 
========================================================================
Received Import Request.
  Time since last request: 0.000461 seconds.
  path: Assets/Concrete textures pack/pattern 05/preview.jpg
  artifactKey: Guid(70f4b090dd9924e4d96be2d653c9f7c1) Importer(2089858483,934ff659095e30574adcf32a4c2f97b5)
Start importing Assets/Concrete textures pack/pattern 05/preview.jpg using Guid(70f4b090dd9924e4d96be2d653c9f7c1) Importer(2089858483,934ff659095e30574adcf32a4c2f97b5)  -> (artifact id: '421385c0c371bb3944e0b58215ba4a85') in 0.026293 seconds 
========================================================================
Received Import Request.
  Time since last request: 0.000421 seconds.
  path: Assets/8K Skybox Pack Free/Example Scenes/sky-1.unity
  artifactKey: Guid(5d52c366611a3cb47bf94b5bf4eb6af7) Importer(2089858483,934ff659095e30574adcf32a4c2f97b5)
Start importing Assets/8K Skybox Pack Free/Example Scenes/sky-1.unity using Guid(5d52c366611a3cb47bf94b5bf4eb6af7) Importer(2089858483,934ff659095e30574adcf32a4c2f97b5)  -> (artifact id: '272cecafd7b4835d55ff54116182563a') in 0.023794 seconds 
========================================================================
Received Import Request.
  Time since last request: 0.000528 seconds.
  path: Assets/Concrete textures pack/pattern 04/preview.jpg
  artifactKey: Guid(ea6fbebb7b7c6204d9a867e55c8bbc65) Importer(2089858483,934ff659095e30574adcf32a4c2f97b5)
Start importing Assets/Concrete textures pack/pattern 04/preview.jpg using Guid(ea6fbebb7b7c6204d9a867e55c8bbc65) Importer(2089858483,934ff659095e30574adcf32a4c2f97b5)  -> (artifact id: '48c7cb6f714830273d395d8cd66594f8') in 0.026530 seconds 
========================================================================
Received Import Request.
  Time since last request: 0.000569 seconds.
  path: Assets/Scripts/CameraController.cs
  artifactKey: Guid(dde9d334d15247748a9ec52e568dca1a) Importer(2089858483,934ff659095e30574adcf32a4c2f97b5)
Start importing Assets/Scripts/CameraController.cs using Guid(dde9d334d15247748a9ec52e568dca1a) Importer(2089858483,934ff659095e30574adcf32a4c2f97b5)  -> (artifact id: 'b7368b7ad18ef2d1f42addb2d5e2617d') in 0.027237 seconds 
========================================================================
Received Import Request.
  Time since last request: 0.000494 seconds.
  path: Assets/8K Skybox Pack Free/Skyboxes/Material/sky-1.mat
  artifactKey: Guid(c8e304140c860744783e1aa250535791) Importer(2089858483,934ff659095e30574adcf32a4c2f97b5)
Start importing Assets/8K Skybox Pack Free/Skyboxes/Material/sky-1.mat using Guid(c8e304140c860744783e1aa250535791) Importer(2089858483,934ff659095e30574adcf32a4c2f97b5)  -> (artifact id: '6b5c7a2ab1bf3b4514601de678738a85') in 0.018895 seconds 
========================================================================
Received Import Request.
  Time since last request: 0.000471 seconds.
  path: Assets/Concrete textures pack/pattern 14/preview.jpg
  artifactKey: Guid(80f0333e3899f3d4d8077df45bb0e76e) Importer(2089858483,934ff659095e30574adcf32a4c2f97b5)
Start importing Assets/Concrete textures pack/pattern 14/preview.jpg using Guid(80f0333e3899f3d4d8077df45bb0e76e) Importer(2089858483,934ff659095e30574adcf32a4c2f97b5)  -> (artifact id: '23c6c00c2c953b0a7b0eb7cfd44698f8') in 0.021109 seconds 
========================================================================
Received Import Request.
  Time since last request: 0.000472 seconds.
  path: Assets/Concrete textures pack/pattern 01/normal.tga
  artifactKey: Guid(4c89e0f06b2b0c34ebb9b930314cf921) Importer(2089858483,934ff659095e30574adcf32a4c2f97b5)
Start importing Assets/Concrete textures pack/pattern 01/normal.tga using Guid(4c89e0f06b2b0c34ebb9b930314cf921) Importer(2089858483,934ff659095e30574adcf32a4c2f97b5)  -> (artifact id: '4c6aa1f5ca1e1f009dff92bbf9effa69') in 0.024790 seconds 
========================================================================
Received Import Request.
  Time since last request: 0.000440 seconds.
  path: Assets/Concrete textures pack/pattern 10/normal.tga
  artifactKey: Guid(bb1d9b4bcac392e449005887c6da1d88) Importer(2089858483,934ff659095e30574adcf32a4c2f97b5)
Start importing Assets/Concrete textures pack/pattern 10/normal.tga using Guid(bb1d9b4bcac392e449005887c6da1d88) Importer(2089858483,934ff659095e30574adcf32a4c2f97b5)  -> (artifact id: 'c6c85db6d01705beb26e4658268deeff') in 0.020844 seconds 
========================================================================
Received Import Request.
  Time since last request: 0.000463 seconds.
  path: Assets/8K Skybox Pack Free/Example Scenes/sky-11Settings.lighting
  artifactKey: Guid(fba637cbc3b46ef4588168806e7d6c76) Importer(2089858483,934ff659095e30574adcf32a4c2f97b5)
Start importing Assets/8K Skybox Pack Free/Example Scenes/sky-11Settings.lighting using Guid(fba637cbc3b46ef4588168806e7d6c76) Importer(2089858483,934ff659095e30574adcf32a4c2f97b5)  -> (artifact id: '3ab64aebe51610704b5d6b652f29e30a') in 0.029606 seconds 
========================================================================
Received Import Request.
  Time since last request: 0.000552 seconds.
  path: Assets/8K Skybox Pack Free/Skyboxes/Texture/Materials/sky-1.mat
  artifactKey: Guid(962ff8b54076b9445b5c6ae8fca0eca3) Importer(2089858483,934ff659095e30574adcf32a4c2f97b5)
Start importing Assets/8K Skybox Pack Free/Skyboxes/Texture/Materials/sky-1.mat using Guid(962ff8b54076b9445b5c6ae8fca0eca3) Importer(2089858483,934ff659095e30574adcf32a4c2f97b5)  -> (artifact id: '4126e60bca01b8d4ce95bb04a02c5f69') in 0.052021 seconds 
========================================================================
Received Import Request.
  Time since last request: 0.000530 seconds.
  path: Assets/Concrete textures pack/pattern 01/Concrete pattern 01.mat
  artifactKey: Guid(9447935ca27fed54c9c28112b77d5908) Importer(2089858483,934ff659095e30574adcf32a4c2f97b5)
Start importing Assets/Concrete textures pack/pattern 01/Concrete pattern 01.mat using Guid(9447935ca27fed54c9c28112b77d5908) Importer(2089858483,934ff659095e30574adcf32a4c2f97b5)  -> (artifact id: '102239e448d0730ef33aeeca62558e82') in 0.029761 seconds 
========================================================================
Received Import Request.
  Time since last request: 0.000840 seconds.
  path: Assets/8K Skybox Pack Free/Example Scenes/sky-7.unity
  artifactKey: Guid(f4d7d8f1508419c40a7e88394f6fc3d5) Importer(2089858483,934ff659095e30574adcf32a4c2f97b5)
Start importing Assets/8K Skybox Pack Free/Example Scenes/sky-7.unity using Guid(f4d7d8f1508419c40a7e88394f6fc3d5) Importer(2089858483,934ff659095e30574adcf32a4c2f97b5)  -> (artifact id: '216746907734c107a0e671bd91da68ea') in 0.027418 seconds 
========================================================================
Received Import Request.
  Time since last request: 0.000462 seconds.
  path: Assets/Concrete textures pack/pattern 14/normal.tga
  artifactKey: Guid(5a89234c1c1cee74ea98d53496c77c92) Importer(2089858483,934ff659095e30574adcf32a4c2f97b5)
Start importing Assets/Concrete textures pack/pattern 14/normal.tga using Guid(5a89234c1c1cee74ea98d53496c77c92) Importer(2089858483,934ff659095e30574adcf32a4c2f97b5)  -> (artifact id: '90a22c43ed8fccf7d1552459b3f35f21') in 0.026331 seconds 
========================================================================
Received Import Request.
  Time since last request: 0.000460 seconds.
  path: Assets/Concrete textures pack/pattern 14/diffuse.tga
  artifactKey: Guid(337ac93e12665eb4ba14cd1b0ca57bf3) Importer(2089858483,934ff659095e30574adcf32a4c2f97b5)
Start importing Assets/Concrete textures pack/pattern 14/diffuse.tga using Guid(337ac93e12665eb4ba14cd1b0ca57bf3) Importer(2089858483,934ff659095e30574adcf32a4c2f97b5)  -> (artifact id: 'ee597215b087298fb8c0ffc0cb9d9011') in 0.020481 seconds 
========================================================================
Received Import Request.
  Time since last request: 0.000511 seconds.
  path: Assets/new.mat
  artifactKey: Guid(00d99c3824a64f34cbc70fd8566bc2b0) Importer(2089858483,934ff659095e30574adcf32a4c2f97b5)
Start importing Assets/new.mat using Guid(00d99c3824a64f34cbc70fd8566bc2b0) Importer(2089858483,934ff659095e30574adcf32a4c2f97b5)  -> (artifact id: 'ba56a0c05ef8204f11fae93ff4adc75e') in 0.033795 seconds 
========================================================================
Received Import Request.
  Time since last request: 0.000671 seconds.
  path: Assets/Concrete textures pack/pattern 20/Concrete pattern 20.mat
  artifactKey: Guid(d9118644cf18d114abae307878884709) Importer(2089858483,934ff659095e30574adcf32a4c2f97b5)
Start importing Assets/Concrete textures pack/pattern 20/Concrete pattern 20.mat using Guid(d9118644cf18d114abae307878884709) Importer(2089858483,934ff659095e30574adcf32a4c2f97b5)  -> (artifact id: '83bbbf0e8963ff4cd2003f41d9241c24') in 0.027989 seconds 
========================================================================
Received Import Request.
  Time since last request: 0.000909 seconds.
  path: Assets/8K Skybox Pack Free/Skyboxes/Material/sky-9.mat
  artifactKey: Guid(52d44e5692d0c134f9b2ed3abd21fb73) Importer(2089858483,934ff659095e30574adcf32a4c2f97b5)
Start importing Assets/8K Skybox Pack Free/Skyboxes/Material/sky-9.mat using Guid(52d44e5692d0c134f9b2ed3abd21fb73) Importer(2089858483,934ff659095e30574adcf32a4c2f97b5)  -> (artifact id: 'fdbce55cc67a1aad84efe0a9be14d716') in 0.029146 seconds 
========================================================================
Received Import Request.
  Time since last request: 0.000441 seconds.
  path: Assets/8K Skybox Pack Free/Example Scenes/sky-12Settings.lighting
  artifactKey: Guid(815ebfe31b3d4d749bbdf22f11068acd) Importer(2089858483,934ff659095e30574adcf32a4c2f97b5)
Start importing Assets/8K Skybox Pack Free/Example Scenes/sky-12Settings.lighting using Guid(815ebfe31b3d4d749bbdf22f11068acd) Importer(2089858483,934ff659095e30574adcf32a4c2f97b5)  -> (artifact id: 'df479f5537656ef154775f5501b7de6f') in 0.033323 seconds 
========================================================================
Received Import Request.
  Time since last request: 0.210995 seconds.
  path: Assets/8K Skybox Pack Free/Skyboxes/Texture/sky-4.png
  artifactKey: Guid(65844975f3a977b419b0d5fdff86f07a) Importer(2089858483,934ff659095e30574adcf32a4c2f97b5)
Start importing Assets/8K Skybox Pack Free/Skyboxes/Texture/sky-4.png using Guid(65844975f3a977b419b0d5fdff86f07a) Importer(2089858483,934ff659095e30574adcf32a4c2f97b5)  -> (artifact id: 'b35f33cd90d3513dd48b7434714f00b8') in 0.060053 seconds 
========================================================================
Received Import Request.
  Time since last request: 0.000514 seconds.
  path: Assets/Concrete textures pack/pattern 02/Concrete pattern 02.mat
  artifactKey: Guid(74c690b29deaf184eb0f56c386f5ef8f) Importer(2089858483,934ff659095e30574adcf32a4c2f97b5)
Start importing Assets/Concrete textures pack/pattern 02/Concrete pattern 02.mat using Guid(74c690b29deaf184eb0f56c386f5ef8f) Importer(2089858483,934ff659095e30574adcf32a4c2f97b5)  -> (artifact id: '3ffed72bf82cd57cea1c5e9810b0a0c5') in 0.030491 seconds 
========================================================================
Received Import Request.
  Time since last request: 0.000512 seconds.
  path: Assets/Concrete textures pack/pattern 04/diffuse.tga
  artifactKey: Guid(f177303393a7c84488d40d0843aab036) Importer(2089858483,934ff659095e30574adcf32a4c2f97b5)
Start importing Assets/Concrete textures pack/pattern 04/diffuse.tga using Guid(f177303393a7c84488d40d0843aab036) Importer(2089858483,934ff659095e30574adcf32a4c2f97b5)  -> (artifact id: 'd1de17209c6faba79888a65ca23bf894') in 0.028652 seconds 
========================================================================
Received Import Request.
  Time since last request: 0.000499 seconds.
  path: Assets/Concrete textures pack/pattern 19/diffuse.tga
  artifactKey: Guid(17d86cba6d82c28418f9788157e1358c) Importer(2089858483,934ff659095e30574adcf32a4c2f97b5)
Start importing Assets/Concrete textures pack/pattern 19/diffuse.tga using Guid(17d86cba6d82c28418f9788157e1358c) Importer(2089858483,934ff659095e30574adcf32a4c2f97b5)  -> (artifact id: '257adfe9e602cd529c504f86fdfca4a4') in 0.022481 seconds 
========================================================================
Received Import Request.
  Time since last request: 0.000487 seconds.
  path: Assets/8K Skybox Pack Free/Skyboxes/Texture/sky-8.png
  artifactKey: Guid(c902ec8c76a899044a8cb1fddfb1dc39) Importer(2089858483,934ff659095e30574adcf32a4c2f97b5)
Start importing Assets/8K Skybox Pack Free/Skyboxes/Texture/sky-8.png using Guid(c902ec8c76a899044a8cb1fddfb1dc39) Importer(2089858483,934ff659095e30574adcf32a4c2f97b5)  -> (artifact id: '5aa748e67b06f0b25233f837f887dfc0') in 0.022954 seconds 
========================================================================
Received Import Request.
  Time since last request: 0.000463 seconds.
  path: Assets/8K Skybox Pack Free/Example Scenes/sky-10.unity
  artifactKey: Guid(ef1a92afaac90224c92c2ab1c8b75872) Importer(2089858483,934ff659095e30574adcf32a4c2f97b5)
Start importing Assets/8K Skybox Pack Free/Example Scenes/sky-10.unity using Guid(ef1a92afaac90224c92c2ab1c8b75872) Importer(2089858483,934ff659095e30574adcf32a4c2f97b5)  -> (artifact id: '25c29ce7fc62d5dacd3ce9b13fb89c51') in 0.035480 seconds 
========================================================================
Received Import Request.
  Time since last request: 0.000924 seconds.
  path: Assets/Concrete textures pack/pattern 17/preview.jpg
  artifactKey: Guid(aa7b5d03c68f6bd42a4fe089a643ee0a) Importer(2089858483,934ff659095e30574adcf32a4c2f97b5)
Start importing Assets/Concrete textures pack/pattern 17/preview.jpg using Guid(aa7b5d03c68f6bd42a4fe089a643ee0a) Importer(2089858483,934ff659095e30574adcf32a4c2f97b5)  -> (artifact id: '2b7311df4a4556c9130ad545232f809b') in 0.020093 seconds 
========================================================================
Received Import Request.
  Time since last request: 0.001113 seconds.
  path: Assets/Concrete textures pack/pattern 12/Concrete pattern 12.mat
  artifactKey: Guid(90958dd685f590642806ebb68b473bc3) Importer(2089858483,934ff659095e30574adcf32a4c2f97b5)
Start importing Assets/Concrete textures pack/pattern 12/Concrete pattern 12.mat using Guid(90958dd685f590642806ebb68b473bc3) Importer(2089858483,934ff659095e30574adcf32a4c2f97b5)  -> (artifact id: '43c54a13b0601faf7dea6458ee3b0253') in 0.030042 seconds 
========================================================================
Received Import Request.
  Time since last request: 0.000924 seconds.
  path: Assets/8K Skybox Pack Free/Skyboxes/Texture/Materials/sky-2.mat
  artifactKey: Guid(3ca9d9e6947ba6d41b73337d15bede28) Importer(2089858483,934ff659095e30574adcf32a4c2f97b5)
Start importing Assets/8K Skybox Pack Free/Skyboxes/Texture/Materials/sky-2.mat using Guid(3ca9d9e6947ba6d41b73337d15bede28) Importer(2089858483,934ff659095e30574adcf32a4c2f97b5)  -> (artifact id: 'b97ef9f484f80781244952b48a2650e3') in 0.028640 seconds 
========================================================================
Received Import Request.
  Time since last request: 0.000566 seconds.
  path: Assets/8K Skybox Pack Free/Example Scenes/sky-9Settings.lighting
  artifactKey: Guid(e490a4e2f8aa6784bb0fe186f4ba9fe2) Importer(2089858483,934ff659095e30574adcf32a4c2f97b5)
Start importing Assets/8K Skybox Pack Free/Example Scenes/sky-9Settings.lighting using Guid(e490a4e2f8aa6784bb0fe186f4ba9fe2) Importer(2089858483,934ff659095e30574adcf32a4c2f97b5)  -> (artifact id: '1d3d9cc011e8b8b4497cc905dfd3d770') in 0.031532 seconds 
========================================================================
Received Import Request.
  Time since last request: 0.000544 seconds.
  path: Assets/Concrete textures pack/pattern 06/Concrete pattern 06.mat
  artifactKey: Guid(8e53f458c50238748a0e25fbe049b465) Importer(2089858483,934ff659095e30574adcf32a4c2f97b5)
Start importing Assets/Concrete textures pack/pattern 06/Concrete pattern 06.mat using Guid(8e53f458c50238748a0e25fbe049b465) Importer(2089858483,934ff659095e30574adcf32a4c2f97b5)  -> (artifact id: 'de9248d681231e3ba46589657491d66c') in 0.046785 seconds 
========================================================================
Received Import Request.
  Time since last request: 0.000562 seconds.
  path: Assets/Concrete textures pack/pattern 15/Concrete pattern 15.mat
  artifactKey: Guid(6c096acbd65465b438d9b0a3d141cff1) Importer(2089858483,934ff659095e30574adcf32a4c2f97b5)
Start importing Assets/Concrete textures pack/pattern 15/Concrete pattern 15.mat using Guid(6c096acbd65465b438d9b0a3d141cff1) Importer(2089858483,934ff659095e30574adcf32a4c2f97b5)  -> (artifact id: 'cff735f5555c3c81df4450ac7a983048') in 0.033643 seconds 
========================================================================
Received Import Request.
  Time since last request: 0.001528 seconds.
  path: Assets/Concrete textures pack/pattern 16/diffuse.tga
  artifactKey: Guid(fd16008f462a0b746974440d3b751b5a) Importer(2089858483,934ff659095e30574adcf32a4c2f97b5)
Start importing Assets/Concrete textures pack/pattern 16/diffuse.tga using Guid(fd16008f462a0b746974440d3b751b5a) Importer(2089858483,934ff659095e30574adcf32a4c2f97b5)  -> (artifact id: '8e42ff716c009f9cec04f6d70626caa9') in 0.021341 seconds 
========================================================================
Received Import Request.
  Time since last request: 0.000675 seconds.
  path: Assets/Concrete textures pack/pattern 18/diffuse.tga
  artifactKey: Guid(1581d87fafc571743927113bbb35d150) Importer(2089858483,934ff659095e30574adcf32a4c2f97b5)
Start importing Assets/Concrete textures pack/pattern 18/diffuse.tga using Guid(1581d87fafc571743927113bbb35d150) Importer(2089858483,934ff659095e30574adcf32a4c2f97b5)  -> (artifact id: 'b2eb44d1bfd9744b8820e5af61bf3f95') in 0.021679 seconds 
========================================================================
Received Import Request.
  Time since last request: 0.000524 seconds.
  path: Assets/Concrete textures pack/pattern 17/diffuse.tga
  artifactKey: Guid(43e7843d5e3a62f41a2ed8bd385747d2) Importer(2089858483,934ff659095e30574adcf32a4c2f97b5)
Start importing Assets/Concrete textures pack/pattern 17/diffuse.tga using Guid(43e7843d5e3a62f41a2ed8bd385747d2) Importer(2089858483,934ff659095e30574adcf32a4c2f97b5)  -> (artifact id: '37f906d73f46e2887ff8144e1264dc2c') in 0.020555 seconds 
========================================================================
Received Import Request.
  Time since last request: 0.000599 seconds.
  path: Assets/Concrete textures pack/pattern 19/normal.tga
  artifactKey: Guid(0de756e42b8c5514a998ecc02de04449) Importer(2089858483,934ff659095e30574adcf32a4c2f97b5)
Start importing Assets/Concrete textures pack/pattern 19/normal.tga using Guid(0de756e42b8c5514a998ecc02de04449) Importer(2089858483,934ff659095e30574adcf32a4c2f97b5)  -> (artifact id: '5a297fecfcf6b6b91a4d9e90e915a091') in 0.023408 seconds 
========================================================================
Received Import Request.
  Time since last request: 0.000498 seconds.
  path: Assets/Concrete textures pack/pattern 04/normal.tga
  artifactKey: Guid(10aaffe9500c81040b80c85d480a877e) Importer(2089858483,934ff659095e30574adcf32a4c2f97b5)
Start importing Assets/Concrete textures pack/pattern 04/normal.tga using Guid(10aaffe9500c81040b80c85d480a877e) Importer(2089858483,934ff659095e30574adcf32a4c2f97b5)  -> (artifact id: '65ac6e9cc4f4ceca7e360d90e59c12e3') in 0.023514 seconds 
========================================================================
Received Import Request.
  Time since last request: 0.000608 seconds.
  path: Assets/Concrete textures pack/pattern 07/preview.jpg
  artifactKey: Guid(a48aeff9c0eb7a1479a0451a3d6e4ee9) Importer(2089858483,934ff659095e30574adcf32a4c2f97b5)
Start importing Assets/Concrete textures pack/pattern 07/preview.jpg using Guid(a48aeff9c0eb7a1479a0451a3d6e4ee9) Importer(2089858483,934ff659095e30574adcf32a4c2f97b5)  -> (artifact id: '0a390a461b331c9aca603846dd1e736a') in 0.023323 seconds 
========================================================================
Received Import Request.
  Time since last request: 0.000551 seconds.
  path: Assets/Concrete textures pack/pattern 16/Concrete pattern 16.mat
  artifactKey: Guid(edb56784830ff6e48bc903e1da5bc5ff) Importer(2089858483,934ff659095e30574adcf32a4c2f97b5)
Start importing Assets/Concrete textures pack/pattern 16/Concrete pattern 16.mat using Guid(edb56784830ff6e48bc903e1da5bc5ff) Importer(2089858483,934ff659095e30574adcf32a4c2f97b5)  -> (artifact id: '758429f2d7e5e7a4d270959e9b258827') in 0.028047 seconds 
========================================================================
Received Import Request.
  Time since last request: 0.000555 seconds.
  path: Assets/Scripts/PlayerMovement.cs
  artifactKey: Guid(cab295d0bcbfc1d4b9db0237265c08a8) Importer(2089858483,934ff659095e30574adcf32a4c2f97b5)
Start importing Assets/Scripts/PlayerMovement.cs using Guid(cab295d0bcbfc1d4b9db0237265c08a8) Importer(2089858483,934ff659095e30574adcf32a4c2f97b5)  -> (artifact id: '027b4728f4b839495250fac61d2192e3') in 0.024239 seconds 
========================================================================
Received Import Request.
  Time since last request: 0.000507 seconds.
  path: Assets/Concrete textures pack/pattern 13/preview.jpg
  artifactKey: Guid(f0e62d03632cea245ae3eb63ebaccaf9) Importer(2089858483,934ff659095e30574adcf32a4c2f97b5)
Start importing Assets/Concrete textures pack/pattern 13/preview.jpg using Guid(f0e62d03632cea245ae3eb63ebaccaf9) Importer(2089858483,934ff659095e30574adcf32a4c2f97b5)  -> (artifact id: 'de7bbc69f562731c2c5a44495dce4a8e') in 0.022939 seconds 
========================================================================
Received Import Request.
  Time since last request: 0.000690 seconds.
  path: Assets/Concrete textures pack/pattern 03/Concrete pattern 03.mat
  artifactKey: Guid(52c9083b299dfa3479caa56bb9f0a98c) Importer(2089858483,934ff659095e30574adcf32a4c2f97b5)
Start importing Assets/Concrete textures pack/pattern 03/Concrete pattern 03.mat using Guid(52c9083b299dfa3479caa56bb9f0a98c) Importer(2089858483,934ff659095e30574adcf32a4c2f97b5)  -> (artifact id: 'fe4ab61c800d50c838677c18420e44f0') in 0.070066 seconds 
========================================================================
Received Import Request.
  Time since last request: 0.000580 seconds.
  path: Assets/Concrete textures pack/pattern 02/diffuse.tga
  artifactKey: Guid(ac337a3170ca1644fbe573e8389e6224) Importer(2089858483,934ff659095e30574adcf32a4c2f97b5)
Start importing Assets/Concrete textures pack/pattern 02/diffuse.tga using Guid(ac337a3170ca1644fbe573e8389e6224) Importer(2089858483,934ff659095e30574adcf32a4c2f97b5)  -> (artifact id: '07b5307a65b149f1052b7ae0f5ed550d') in 0.024900 seconds 
========================================================================
Received Import Request.
  Time since last request: 0.000212 seconds.
  path: Assets/8K Skybox Pack Free/Skyboxes/Texture/sky-12.png
  artifactKey: Guid(8ffc7723a2a147542bd1a4a9512c2762) Importer(2089858483,934ff659095e30574adcf32a4c2f97b5)
Start importing Assets/8K Skybox Pack Free/Skyboxes/Texture/sky-12.png using Guid(8ffc7723a2a147542bd1a4a9512c2762) Importer(2089858483,934ff659095e30574adcf32a4c2f97b5)  -> (artifact id: '63d9eaba2d91b4fff8fb4370e52aaf9a') in 0.021978 seconds 
========================================================================
Received Import Request.
  Time since last request: 0.001038 seconds.
  path: Assets/Concrete textures pack/pattern 18/preview.jpg
  artifactKey: Guid(305be0ee9678e6b4d96a82028b7c443c) Importer(2089858483,934ff659095e30574adcf32a4c2f97b5)
Start importing Assets/Concrete textures pack/pattern 18/preview.jpg using Guid(305be0ee9678e6b4d96a82028b7c443c) Importer(2089858483,934ff659095e30574adcf32a4c2f97b5)  -> (artifact id: 'd38445ec1d40fffc92e101030c526161') in 0.022687 seconds 
========================================================================
Received Import Request.
  Time since last request: 0.000456 seconds.
  path: Assets/8K Skybox Pack Free/Skyboxes/Texture/sky-2.png
  artifactKey: Guid(cd7d58d5520a6874587342352e94b970) Importer(2089858483,934ff659095e30574adcf32a4c2f97b5)
Start importing Assets/8K Skybox Pack Free/Skyboxes/Texture/sky-2.png using Guid(cd7d58d5520a6874587342352e94b970) Importer(2089858483,934ff659095e30574adcf32a4c2f97b5)  -> (artifact id: 'e3b061450203567f0939909b0e02355f') in 0.020692 seconds 
========================================================================
Received Import Request.
  Time since last request: 0.000398 seconds.
  path: Assets/8K Skybox Pack Free/Skyboxes/Material/sky-10.mat
  artifactKey: Guid(47b7a45414f3b564e9e8349bfa18b29f) Importer(2089858483,934ff659095e30574adcf32a4c2f97b5)
Start importing Assets/8K Skybox Pack Free/Skyboxes/Material/sky-10.mat using Guid(47b7a45414f3b564e9e8349bfa18b29f) Importer(2089858483,934ff659095e30574adcf32a4c2f97b5)  -> (artifact id: '386e10dfd4d66f13eb47f3e69a544dcf') in 0.022470 seconds 
========================================================================
Received Import Request.
  Time since last request: 0.000517 seconds.
  path: Assets/8K Skybox Pack Free/Example Scenes/sky-7Settings.lighting
  artifactKey: Guid(85f8a17223bc4934e9250cee900e1221) Importer(2089858483,934ff659095e30574adcf32a4c2f97b5)
Start importing Assets/8K Skybox Pack Free/Example Scenes/sky-7Settings.lighting using Guid(85f8a17223bc4934e9250cee900e1221) Importer(2089858483,934ff659095e30574adcf32a4c2f97b5)  -> (artifact id: '6133b31ec421f089ff8dee094b3ee44c') in 0.031873 seconds 
========================================================================
Received Import Request.
  Time since last request: 0.000635 seconds.
  path: Assets/8K Skybox Pack Free/Skyboxes/Texture/Materials/sky-8.mat
  artifactKey: Guid(cc7abcb9df786754b8572d59c81dce88) Importer(2089858483,934ff659095e30574adcf32a4c2f97b5)
Start importing Assets/8K Skybox Pack Free/Skyboxes/Texture/Materials/sky-8.mat using Guid(cc7abcb9df786754b8572d59c81dce88) Importer(2089858483,934ff659095e30574adcf32a4c2f97b5)  -> (artifact id: '8657ce5259c691626317b1ed99af6c4d') in 0.020280 seconds 
========================================================================
Received Import Request.
  Time since last request: 0.000490 seconds.
  path: Assets/Concrete textures pack/pattern 19/Concrete pattern 19.mat
  artifactKey: Guid(03df648f2a2e48843962ec5471b9e969) Importer(2089858483,934ff659095e30574adcf32a4c2f97b5)
Start importing Assets/Concrete textures pack/pattern 19/Concrete pattern 19.mat using Guid(03df648f2a2e48843962ec5471b9e969) Importer(2089858483,934ff659095e30574adcf32a4c2f97b5)  -> (artifact id: '0c84ae03a38832c363c87409b70cf4d2') in 0.029996 seconds 
========================================================================
Received Import Request.
  Time since last request: 0.000601 seconds.
  path: Assets/8K Skybox Pack Free/ReadMe.txt
  artifactKey: Guid(536b3a3aebe2d354580ade0064a6416b) Importer(2089858483,934ff659095e30574adcf32a4c2f97b5)
Start importing Assets/8K Skybox Pack Free/ReadMe.txt using Guid(536b3a3aebe2d354580ade0064a6416b) Importer(2089858483,934ff659095e30574adcf32a4c2f97b5)  -> (artifact id: 'b388692c129fa0fc14299816cebc3d05') in 0.037279 seconds 
========================================================================
Received Import Request.
  Time since last request: 0.000577 seconds.
  path: Assets/Scenes/SampleScene.unity
  artifactKey: Guid(9fc0d4010bbf28b4594072e72b8655ab) Importer(2089858483,934ff659095e30574adcf32a4c2f97b5)
Start importing Assets/Scenes/SampleScene.unity using Guid(9fc0d4010bbf28b4594072e72b8655ab) Importer(2089858483,934ff659095e30574adcf32a4c2f97b5)  -> (artifact id: '38cc0be55a63b55b903add5cbb24b056') in 0.030350 seconds 
========================================================================
Received Import Request.
  Time since last request: 0.000428 seconds.
  path: Assets/8K Skybox Pack Free/Example Scenes/sky-4Settings.lighting
  artifactKey: Guid(c173fbe670a4f78488dec2f801eef1d4) Importer(2089858483,934ff659095e30574adcf32a4c2f97b5)
Start importing Assets/8K Skybox Pack Free/Example Scenes/sky-4Settings.lighting using Guid(c173fbe670a4f78488dec2f801eef1d4) Importer(2089858483,934ff659095e30574adcf32a4c2f97b5)  -> (artifact id: '91d564bd35c13cb38b0f1a3f400b818e') in 0.027431 seconds 
========================================================================
Received Import Request.
  Time since last request: 0.000596 seconds.
  path: Assets/Concrete textures pack/pattern 15/diffuse.tga
  artifactKey: Guid(5cbc104c942183b41a667dda27ec79a6) Importer(2089858483,934ff659095e30574adcf32a4c2f97b5)
Start importing Assets/Concrete textures pack/pattern 15/diffuse.tga using Guid(5cbc104c942183b41a667dda27ec79a6) Importer(2089858483,934ff659095e30574adcf32a4c2f97b5)  -> (artifact id: '0f4f7767b1fcbf66036f378826928eb5') in 0.025345 seconds 
========================================================================
Received Import Request.
  Time since last request: 0.000932 seconds.
  path: Assets/Concrete textures pack/pattern 18/Concrete pattern 18.mat
  artifactKey: Guid(35b3905e878c7c14a804d8e50b2f37d5) Importer(2089858483,934ff659095e30574adcf32a4c2f97b5)
Start importing Assets/Concrete textures pack/pattern 18/Concrete pattern 18.mat using Guid(35b3905e878c7c14a804d8e50b2f37d5) Importer(2089858483,934ff659095e30574adcf32a4c2f97b5)  -> (artifact id: '1a27025e8f661d1909bcd8676664ca29') in 0.030719 seconds 
========================================================================
Received Import Request.
  Time since last request: 0.000420 seconds.
  path: Assets/8K Skybox Pack Free/Example Scenes/sky-8.unity
  artifactKey: Guid(6f8cc465e7123cf46a93cc18f240fefd) Importer(2089858483,934ff659095e30574adcf32a4c2f97b5)
Start importing Assets/8K Skybox Pack Free/Example Scenes/sky-8.unity using Guid(6f8cc465e7123cf46a93cc18f240fefd) Importer(2089858483,934ff659095e30574adcf32a4c2f97b5)  -> (artifact id: '4e9e934691eb4ebf0e2d0e54d6107ecf') in 0.028354 seconds 
========================================================================
Received Import Request.
  Time since last request: 0.000552 seconds.
  path: Assets/Concrete textures pack/pattern 07/diffuse.tga
  artifactKey: Guid(e312182b2d9d04c47a2ffb6c823b3a56) Importer(2089858483,934ff659095e30574adcf32a4c2f97b5)
Start importing Assets/Concrete textures pack/pattern 07/diffuse.tga using Guid(e312182b2d9d04c47a2ffb6c823b3a56) Importer(2089858483,934ff659095e30574adcf32a4c2f97b5)  -> (artifact id: '52c643460eb37d9674a5a19883465910') in 0.023152 seconds 
========================================================================
Received Import Request.
  Time since last request: 0.000454 seconds.
  path: Assets/8K Skybox Pack Free/Example Scenes/sky-5Settings.lighting
  artifactKey: Guid(db971768ddc2fbe45bfeaaace435ca68) Importer(2089858483,934ff659095e30574adcf32a4c2f97b5)
Start importing Assets/8K Skybox Pack Free/Example Scenes/sky-5Settings.lighting using Guid(db971768ddc2fbe45bfeaaace435ca68) Importer(2089858483,934ff659095e30574adcf32a4c2f97b5)  -> (artifact id: 'a6f8bf45700a295990b529652b043e11') in 0.026442 seconds 
========================================================================
Received Import Request.
  Time since last request: 0.000410 seconds.
  path: Assets/Concrete textures pack/pattern 13/Concrete pattern 13.mat
  artifactKey: Guid(0fc0bf58c56418e44b94d145ca6f5db1) Importer(2089858483,934ff659095e30574adcf32a4c2f97b5)
Start importing Assets/Concrete textures pack/pattern 13/Concrete pattern 13.mat using Guid(0fc0bf58c56418e44b94d145ca6f5db1) Importer(2089858483,934ff659095e30574adcf32a4c2f97b5)  -> (artifact id: '8fbb4d3336fd292812da26a0d29c55c0') in 0.035545 seconds 
========================================================================
Received Import Request.
  Time since last request: 0.000437 seconds.
  path: Assets/8K Skybox Pack Free/Skyboxes/Material/sky-4.mat
  artifactKey: Guid(4e4980336892d9546bf0bf0e3f30c265) Importer(2089858483,934ff659095e30574adcf32a4c2f97b5)
Start importing Assets/8K Skybox Pack Free/Skyboxes/Material/sky-4.mat using Guid(4e4980336892d9546bf0bf0e3f30c265) Importer(2089858483,934ff659095e30574adcf32a4c2f97b5)  -> (artifact id: 'dd9f89820c7bfbebef4c3390fd91dede') in 0.019521 seconds 
========================================================================
Received Import Request.
  Time since last request: 0.000414 seconds.
  path: Assets/8K Skybox Pack Free/Example Scenes/sky-10Settings.lighting
  artifactKey: Guid(e84e81ab34033374799e51054356bfbd) Importer(2089858483,934ff659095e30574adcf32a4c2f97b5)
Start importing Assets/8K Skybox Pack Free/Example Scenes/sky-10Settings.lighting using Guid(e84e81ab34033374799e51054356bfbd) Importer(2089858483,934ff659095e30574adcf32a4c2f97b5)  -> (artifact id: '887eac702b62c79c17ffb19ff2344318') in 0.027822 seconds 
========================================================================
Received Import Request.
  Time since last request: 0.000554 seconds.
  path: Assets/Concrete textures pack/pattern 04/Concrete pattern 04.mat
  artifactKey: Guid(46be5f15e363aac4381cc9eb6efc673f) Importer(2089858483,934ff659095e30574adcf32a4c2f97b5)
Start importing Assets/Concrete textures pack/pattern 04/Concrete pattern 04.mat using Guid(46be5f15e363aac4381cc9eb6efc673f) Importer(2089858483,934ff659095e30574adcf32a4c2f97b5)  -> (artifact id: '7aab251b468ca3a228dfa1d76b98909d') in 0.031767 seconds 
========================================================================
Received Import Request.
  Time since last request: 0.000514 seconds.
  path: Assets/Concrete textures pack/pattern 14/Concrete pattern 14.mat
  artifactKey: Guid(acbeb59509e47e942937ab47a0abc310) Importer(2089858483,934ff659095e30574adcf32a4c2f97b5)
Start importing Assets/Concrete textures pack/pattern 14/Concrete pattern 14.mat using Guid(acbeb59509e47e942937ab47a0abc310) Importer(2089858483,934ff659095e30574adcf32a4c2f97b5)  -> (artifact id: 'cb0a9de17cc8b66618d18475d1c15c9e') in 0.026480 seconds 
========================================================================
Received Import Request.
  Time since last request: 0.000493 seconds.
  path: Assets/Concrete textures pack/pattern 20/diffuse.tga
  artifactKey: Guid(b849444d32b0d014f89eea7ab00e6c7c) Importer(2089858483,934ff659095e30574adcf32a4c2f97b5)
Start importing Assets/Concrete textures pack/pattern 20/diffuse.tga using Guid(b849444d32b0d014f89eea7ab00e6c7c) Importer(2089858483,934ff659095e30574adcf32a4c2f97b5)  -> (artifact id: 'c60aa1c4912c44e516beded1b52f38b8') in 0.027803 seconds 
========================================================================
Received Import Request.
  Time since last request: 0.000474 seconds.
  path: Assets/8K Skybox Pack Free/Skyboxes/Texture/Materials/sky-9.mat
  artifactKey: Guid(9fdf0306bf25db34685a522bc698b038) Importer(2089858483,934ff659095e30574adcf32a4c2f97b5)
Start importing Assets/8K Skybox Pack Free/Skyboxes/Texture/Materials/sky-9.mat using Guid(9fdf0306bf25db34685a522bc698b038) Importer(2089858483,934ff659095e30574adcf32a4c2f97b5)  -> (artifact id: 'e4e7ed4827c5bc669eb9ee2d8a41cfea') in 0.020189 seconds 
========================================================================
Received Import Request.
  Time since last request: 0.000564 seconds.
  path: Assets/Concrete textures pack/pattern 06/preview.jpg
  artifactKey: Guid(2c80108b25b86424abf27196b6bc3c73) Importer(2089858483,934ff659095e30574adcf32a4c2f97b5)
Start importing Assets/Concrete textures pack/pattern 06/preview.jpg using Guid(2c80108b25b86424abf27196b6bc3c73) Importer(2089858483,934ff659095e30574adcf32a4c2f97b5)  -> (artifact id: '035cce2e29eae48ca89dc00692ce8cec') in 0.022670 seconds 
========================================================================
Received Import Request.
  Time since last request: 158.856753 seconds.
  path: Assets/Materials
  artifactKey: Guid(1a606c48e77e36748815083d492dead8) Importer(815301076,1909f56bfc062723c751e8b465ee728b)
Start importing Assets/Materials using Guid(1a606c48e77e36748815083d492dead8) Importer(815301076,1909f56bfc062723c751e8b465ee728b)  -> (artifact id: '78f73446e582031ac7bdff03815d7edc') in 0.018536 seconds 
========================================================================
Received Import Request.
  Time since last request: 0.441958 seconds.
  path: Assets/Materials
  artifactKey: Guid(1a606c48e77e36748815083d492dead8) Importer(2089858483,934ff659095e30574adcf32a4c2f97b5)
Start importing Assets/Materials using Guid(1a606c48e77e36748815083d492dead8) Importer(2089858483,934ff659095e30574adcf32a4c2f97b5)  -> (artifact id: '06df02cc789f57dd21f464404638eb12') in 0.031559 seconds 
========================================================================
Received Import Request.
  Time since last request: 6.969968 seconds.
  path: Assets/Materials/New Material.mat
  artifactKey: Guid(8405f9ec1c189d648bddbae841417e61) Importer(815301076,1909f56bfc062723c751e8b465ee728b)
Start importing Assets/Materials/New Material.mat using Guid(8405f9ec1c189d648bddbae841417e61) Importer(815301076,1909f56bfc062723c751e8b465ee728b)  -> (artifact id: 'cac2072bfa7c10b437528d86238c90ba') in 0.238495 seconds 
========================================================================
Received Import Request.
  Time since last request: 0.216130 seconds.
  path: Assets/Materials/New Material.mat
  artifactKey: Guid(8405f9ec1c189d648bddbae841417e61) Importer(2089858483,934ff659095e30574adcf32a4c2f97b5)
Start importing Assets/Materials/New Material.mat using Guid(8405f9ec1c189d648bddbae841417e61) Importer(2089858483,934ff659095e30574adcf32a4c2f97b5)  -> (artifact id: '5b5f28ffc55d8576b512e78f94e3b41c') in 0.030547 seconds 
========================================================================
Received Import Request.
  Time since last request: 277.025481 seconds.
  path: Assets/Materials/no nie wiem byczku.mat
  artifactKey: Guid(0d33d1b646986c940bc0af055f4f2742) Importer(815301076,1909f56bfc062723c751e8b465ee728b)
Start importing Assets/Materials/no nie wiem byczku.mat using Guid(0d33d1b646986c940bc0af055f4f2742) Importer(815301076,1909f56bfc062723c751e8b465ee728b)  -> (artifact id: '63e7fc9312eda5ad4cdafc1d7771c63a') in 0.160126 seconds 
========================================================================
Received Import Request.
  Time since last request: 0.243891 seconds.
  path: Assets/Materials/no nie wiem byczku.mat
  artifactKey: Guid(0d33d1b646986c940bc0af055f4f2742) Importer(2089858483,934ff659095e30574adcf32a4c2f97b5)
Start importing Assets/Materials/no nie wiem byczku.mat using Guid(0d33d1b646986c940bc0af055f4f2742) Importer(2089858483,934ff659095e30574adcf32a4c2f97b5)  -> (artifact id: 'e0bf13764cbe909fa12ae600bf928e7e') in 0.046175 seconds 
========================================================================
Received Import Request.
  Time since last request: 40.064323 seconds.
  path: Assets/Materials/hmmm.mat
  artifactKey: Guid(cfa31e8ee8e42ae46a1535a9107881f3) Importer(815301076,1909f56bfc062723c751e8b465ee728b)
Start importing Assets/Materials/hmmm.mat using Guid(cfa31e8ee8e42ae46a1535a9107881f3) Importer(815301076,1909f56bfc062723c751e8b465ee728b)  -> (artifact id: '514b7c783134e0cc27161f4bf1b63611') in 0.041282 seconds 
========================================================================
Received Import Request.
  Time since last request: 0.375810 seconds.
  path: Assets/Materials/hmmm.mat
  artifactKey: Guid(cfa31e8ee8e42ae46a1535a9107881f3) Importer(2089858483,934ff659095e30574adcf32a4c2f97b5)
Start importing Assets/Materials/hmmm.mat using Guid(cfa31e8ee8e42ae46a1535a9107881f3) Importer(2089858483,934ff659095e30574adcf32a4c2f97b5)  -> (artifact id: 'da8ba8a54394759f3c3149cedca66e3b') in 0.038331 seconds 
========================================================================
Received Prepare
Registering precompiled user dll's ...
Registered in 0.016494 seconds.
Begin MonoManager ReloadAssembly
Native extension for WindowsStandalone target not found
Refreshing native plugins compatible for Editor in 1.76 ms, found 1 plugins.
Preloading 0 native plugins for Editor in 0.00 ms.
Warning: Annotation not found!
UnityEngine.StackTraceUtility:ExtractStackTrace ()
UnityEditor.ProBuilder.EditorUtility:SetGizmoIconEnabled (System.Type,bool) (at Library/PackageCache/com.unity.probuilder@5.0.3/Editor/EditorCore/EditorUtility.cs:575)
UnityEditor.ProBuilder.HierarchyListener:.cctor () (at Library/PackageCache/com.unity.probuilder@5.0.3/Editor/EditorCore/HierarchyListener.cs:21)
System.Runtime.CompilerServices.RuntimeHelpers:RunClassConstructor (System.RuntimeTypeHandle)
UnityEditor.EditorAssemblies:ProcessInitializeOnLoadAttributes (System.Type[])

[Library/PackageCache/com.unity.probuilder@5.0.3/Editor/EditorCore/EditorUtility.cs line 575]

Mono: successfully reloaded assembly
- Completed reload, in  5.011 seconds
Platform modules already initialized, skipping
Refreshing native plugins compatible for Editor in 1.73 ms, found 1 plugins.
Preloading 0 native plugins for Editor in 0.00 ms.
Unloading 3030 Unused Serialized files (Serialized files now loaded: 0)
System memory in use before: 119.4 MB.
System memory in use after: 119.6 MB.

Unloading 11 unused Assets to reduce memory usage. Loaded Objects now: 3557.
Total: 11.656100 ms (FindLiveObjects: 1.027200 ms CreateObjectMapping: 0.301300 ms MarkObjects: 9.966300 ms  DeleteObjects: 0.356600 ms)

========================================================================
Received Prepare
Registering precompiled user dll's ...
Registered in 0.036118 seconds.
Begin MonoManager ReloadAssembly
Native extension for WindowsStandalone target not found
Refreshing native plugins compatible for Editor in 1.65 ms, found 1 plugins.
Preloading 0 native plugins for Editor in 0.00 ms.
Warning: Annotation not found!
UnityEngine.StackTraceUtility:ExtractStackTrace ()
UnityEditor.ProBuilder.EditorUtility:SetGizmoIconEnabled (System.Type,bool) (at Library/PackageCache/com.unity.probuilder@5.0.3/Editor/EditorCore/EditorUtility.cs:575)
UnityEditor.ProBuilder.HierarchyListener:.cctor () (at Library/PackageCache/com.unity.probuilder@5.0.3/Editor/EditorCore/HierarchyListener.cs:21)
System.Runtime.CompilerServices.RuntimeHelpers:RunClassConstructor (System.RuntimeTypeHandle)
UnityEditor.EditorAssemblies:ProcessInitializeOnLoadAttributes (System.Type[])

[Library/PackageCache/com.unity.probuilder@5.0.3/Editor/EditorCore/EditorUtility.cs line 575]

Mono: successfully reloaded assembly
- Completed reload, in  4.299 seconds
Platform modules already initialized, skipping
Refreshing native plugins compatible for Editor in 174.33 ms, found 1 plugins.
Preloading 0 native plugins for Editor in 0.00 ms.
Unloading 3030 Unused Serialized files (Serialized files now loaded: 0)
System memory in use before: 119.5 MB.
System memory in use after: 119.7 MB.

Unloading 10 unused Assets to reduce memory usage. Loaded Objects now: 3560.
Total: 11.784800 ms (FindLiveObjects: 0.886800 ms CreateObjectMapping: 0.268700 ms MarkObjects: 10.370600 ms  DeleteObjects: 0.254400 ms)

========================================================================
Received Prepare
Registering precompiled user dll's ...
Registered in 0.008825 seconds.
Begin MonoManager ReloadAssembly
Native extension for WindowsStandalone target not found
Refreshing native plugins compatible for Editor in 1.80 ms, found 1 plugins.
Preloading 0 native plugins for Editor in 0.00 ms.
Warning: Annotation not found!
UnityEngine.StackTraceUtility:ExtractStackTrace ()
UnityEditor.ProBuilder.EditorUtility:SetGizmoIconEnabled (System.Type,bool) (at Library/PackageCache/com.unity.probuilder@5.0.3/Editor/EditorCore/EditorUtility.cs:575)
UnityEditor.ProBuilder.HierarchyListener:.cctor () (at Library/PackageCache/com.unity.probuilder@5.0.3/Editor/EditorCore/HierarchyListener.cs:21)
System.Runtime.CompilerServices.RuntimeHelpers:RunClassConstructor (System.RuntimeTypeHandle)
UnityEditor.EditorAssemblies:ProcessInitializeOnLoadAttributes (System.Type[])

[Library/PackageCache/com.unity.probuilder@5.0.3/Editor/EditorCore/EditorUtility.cs line 575]

Mono: successfully reloaded assembly
- Completed reload, in  3.540 seconds
Platform modules already initialized, skipping
Refreshing native plugins compatible for Editor in 1.49 ms, found 1 plugins.
Preloading 0 native plugins for Editor in 0.00 ms.
Unloading 3030 Unused Serialized files (Serialized files now loaded: 0)
System memory in use before: 119.5 MB.
System memory in use after: 119.7 MB.

Unloading 10 unused Assets to reduce memory usage. Loaded Objects now: 3563.
Total: 7.872400 ms (FindLiveObjects: 0.755700 ms CreateObjectMapping: 0.249900 ms MarkObjects: 6.591600 ms  DeleteObjects: 0.270800 ms)

========================================================================
Received Import Request.
  Time since last request: 5492.595559 seconds.
  path: Assets/Materials/hmmm.mat
  artifactKey: Guid(cfa31e8ee8e42ae46a1535a9107881f3) Importer(815301076,1909f56bfc062723c751e8b465ee728b)
Start importing Assets/Materials/hmmm.mat using Guid(cfa31e8ee8e42ae46a1535a9107881f3) Importer(815301076,1909f56bfc062723c751e8b465ee728b)  -> (artifact id: '8b328a454a96750abaa237b4d72f66f4') in 6.047535 seconds 
AssetImportWorkerClient::OnTransportError - code=2 error=End of file
