Using pre-set license
Built from '2021.1/release' branch; Version is '2021.1.0f1 (61a549675243) revision 6399305'; Using compiler version '192528614'; Build Type 'Release'
OS: 'Windows 10 Pro; OS build 19042.985; Version 2009; 64bit' Language: 'pl' Physical Memory: 8125 MB
BatchMode: 1, IsHumanControllingUs: 0, StartBugReporterOnCrash: 0, Is64bit: 1, IsPro: 0

 COMMAND LINE ARGUMENTS:
C:\Program Files\Unity\Hub\Editor\2021.1.0f1\Editor\Unity.exe
-adb2
-batchMode
-noUpm
-name
AssetImportWorker35
-projectPath
C:/Users/Michał/Documents/GitHub/Zadanie_3/FPS-Zadanie_3/FPS_Zadanie_3
-logFile
Logs/AssetImportWorker35.log
-srvPort
54439
Successfully changed project path to: C:/Users/Michał/Documents/GitHub/Zadanie_3/FPS-Zadanie_3/FPS_Zadanie_3
C:/Users/Michał/Documents/GitHub/Zadanie_3/FPS-Zadanie_3/FPS_Zadanie_3
Using Asset Import Pipeline V2.
Refreshing native plugins compatible for Editor in 399.16 ms, found 1 plugins.
Preloading 0 native plugins for Editor in 0.00 ms.
Initialize engine version: 2021.1.0f1 (61a549675243)
[Subsystems] Discovering subsystems at path C:/Program Files/Unity/Hub/Editor/2021.1.0f1/Editor/Data/Resources/UnitySubsystems
[Subsystems] Discovering subsystems at path C:/Users/Michał/Documents/GitHub/Zadanie_3/FPS-Zadanie_3/FPS_Zadanie_3/Assets
GfxDevice: creating device client; threaded=0; jobified=0
Direct3D:
    Version:  Direct3D 11.0 [level 10.1]
    Renderer: ATI Radeon HD 3600 Series (ID=0x9598)
    Vendor:   ATI
    VRAM:     504 MB
    Driver:   8.970.100.9001
Initialize mono
Mono path[0] = 'C:/Program Files/Unity/Hub/Editor/2021.1.0f1/Editor/Data/Managed'
Mono path[1] = 'C:/Program Files/Unity/Hub/Editor/2021.1.0f1/Editor/Data/MonoBleedingEdge/lib/mono/unityjit'
Mono config path = 'C:/Program Files/Unity/Hub/Editor/2021.1.0f1/Editor/Data/MonoBleedingEdge/etc'
Using monoOptions --debugger-agent=transport=dt_socket,embedding=1,server=y,suspend=n,address=127.0.0.1:56684
Begin MonoManager ReloadAssembly
Registering precompiled unity dll's ...
Register platform support module: C:/Program Files/Unity/Hub/Editor/2021.1.0f1/Editor/Data/PlaybackEngines/WindowsStandaloneSupport/UnityEditor.WindowsStandalone.Extensions.dll
Registered in 0.006244 seconds.
Native extension for WindowsStandalone target not found
Refreshing native plugins compatible for Editor in 713.04 ms, found 1 plugins.
Preloading 0 native plugins for Editor in 0.00 ms.
Mono: successfully reloaded assembly
- Completed reload, in  6.011 seconds
Platform modules already initialized, skipping
Registering precompiled user dll's ...
Registered in 0.011374 seconds.
Begin MonoManager ReloadAssembly
Native extension for WindowsStandalone target not found
Refreshing native plugins compatible for Editor in 5.20 ms, found 1 plugins.
Preloading 0 native plugins for Editor in 0.00 ms.
Mono: successfully reloaded assembly
- Completed reload, in  5.721 seconds
Platform modules already initialized, skipping
========================================================================
Worker process is ready to serve import requests
Launched and connected shader compiler UnityShaderCompiler.exe after 0.23 seconds
Refreshing native plugins compatible for Editor in 2.17 ms, found 1 plugins.
Preloading 0 native plugins for Editor in 0.00 ms.
Unloading 3072 Unused Serialized files (Serialized files now loaded: 0)
System memory in use before: 117.9 MB.
System memory in use after: 118.0 MB.

Unloading 88 unused Assets to reduce memory usage. Loaded Objects now: 3514.
Total: 14.135700 ms (FindLiveObjects: 3.681500 ms CreateObjectMapping: 0.615000 ms MarkObjects: 8.644300 ms  DeleteObjects: 1.190500 ms)

========================================================================
Received Import Request.
  path: Assets/Materials/New Material.mat
  artifactKey: Guid(8405f9ec1c189d648bddbae841417e61) Importer(815301076,1909f56bfc062723c751e8b465ee728b)
Start importing Assets/Materials/New Material.mat using Guid(8405f9ec1c189d648bddbae841417e61) Importer(815301076,1909f56bfc062723c751e8b465ee728b)  -> (artifact id: 'a2a3439678b2042ab90175770f01a823') in 0.527473 seconds 
========================================================================
Received Import Request.
  Time since last request: 0.000622 seconds.
  path: Assets/Materials/no nie wiem byczku.mat
  artifactKey: Guid(0d33d1b646986c940bc0af055f4f2742) Importer(815301076,1909f56bfc062723c751e8b465ee728b)
Start importing Assets/Materials/no nie wiem byczku.mat using Guid(0d33d1b646986c940bc0af055f4f2742) Importer(815301076,1909f56bfc062723c751e8b465ee728b)  -> (artifact id: 'e24fdb73700a03e10fd1bac3ead64f61') in 0.042313 seconds 
========================================================================
Received Prepare
Registering precompiled user dll's ...
Registered in 0.010180 seconds.
Begin MonoManager ReloadAssembly
Native extension for WindowsStandalone target not found
Refreshing native plugins compatible for Editor in 1.91 ms, found 1 plugins.
Preloading 0 native plugins for Editor in 0.00 ms.
Warning: Annotation not found!
UnityEngine.StackTraceUtility:ExtractStackTrace ()
UnityEditor.ProBuilder.EditorUtility:SetGizmoIconEnabled (System.Type,bool) (at Library/PackageCache/com.unity.probuilder@5.0.3/Editor/EditorCore/EditorUtility.cs:575)
UnityEditor.ProBuilder.HierarchyListener:.cctor () (at Library/PackageCache/com.unity.probuilder@5.0.3/Editor/EditorCore/HierarchyListener.cs:21)
System.Runtime.CompilerServices.RuntimeHelpers:RunClassConstructor (System.RuntimeTypeHandle)
UnityEditor.EditorAssemblies:ProcessInitializeOnLoadAttributes (System.Type[])

[Library/PackageCache/com.unity.probuilder@5.0.3/Editor/EditorCore/EditorUtility.cs line 575]

Mono: successfully reloaded assembly
- Completed reload, in  8.556 seconds
Platform modules already initialized, skipping
Refreshing native plugins compatible for Editor in 14.07 ms, found 1 plugins.
Preloading 0 native plugins for Editor in 0.00 ms.
Unloading 3030 Unused Serialized files (Serialized files now loaded: 0)
System memory in use before: 119.2 MB.
System memory in use after: 119.4 MB.

Unloading 10 unused Assets to reduce memory usage. Loaded Objects now: 3557.
Total: 18.284500 ms (FindLiveObjects: 0.887000 ms CreateObjectMapping: 0.311800 ms MarkObjects: 16.118600 ms  DeleteObjects: 0.961000 ms)

========================================================================
Received Prepare
Registering precompiled user dll's ...
Registered in 0.014590 seconds.
Begin MonoManager ReloadAssembly
Native extension for WindowsStandalone target not found
Refreshing native plugins compatible for Editor in 2.46 ms, found 1 plugins.
Preloading 0 native plugins for Editor in 0.00 ms.
Warning: Annotation not found!
UnityEngine.StackTraceUtility:ExtractStackTrace ()
UnityEditor.ProBuilder.EditorUtility:SetGizmoIconEnabled (System.Type,bool) (at Library/PackageCache/com.unity.probuilder@5.0.3/Editor/EditorCore/EditorUtility.cs:575)
UnityEditor.ProBuilder.HierarchyListener:.cctor () (at Library/PackageCache/com.unity.probuilder@5.0.3/Editor/EditorCore/HierarchyListener.cs:21)
System.Runtime.CompilerServices.RuntimeHelpers:RunClassConstructor (System.RuntimeTypeHandle)
UnityEditor.EditorAssemblies:ProcessInitializeOnLoadAttributes (System.Type[])

[Library/PackageCache/com.unity.probuilder@5.0.3/Editor/EditorCore/EditorUtility.cs line 575]

Mono: successfully reloaded assembly
- Completed reload, in  7.613 seconds
Platform modules already initialized, skipping
Refreshing native plugins compatible for Editor in 6.60 ms, found 1 plugins.
Preloading 0 native plugins for Editor in 0.00 ms.
Unloading 3030 Unused Serialized files (Serialized files now loaded: 0)
System memory in use before: 119.3 MB.
System memory in use after: 119.5 MB.

Unloading 10 unused Assets to reduce memory usage. Loaded Objects now: 3560.
Total: 1008.961900 ms (FindLiveObjects: 1.946600 ms CreateObjectMapping: 0.760000 ms MarkObjects: 1005.880000 ms  DeleteObjects: 0.369400 ms)

========================================================================
Received Prepare
Registering precompiled user dll's ...
Registered in 0.008512 seconds.
Begin MonoManager ReloadAssembly
Native extension for WindowsStandalone target not found
Refreshing native plugins compatible for Editor in 1.36 ms, found 1 plugins.
Preloading 0 native plugins for Editor in 0.00 ms.
Warning: Annotation not found!
UnityEngine.StackTraceUtility:ExtractStackTrace ()
UnityEditor.ProBuilder.EditorUtility:SetGizmoIconEnabled (System.Type,bool) (at Library/PackageCache/com.unity.probuilder@5.0.3/Editor/EditorCore/EditorUtility.cs:575)
UnityEditor.ProBuilder.HierarchyListener:.cctor () (at Library/PackageCache/com.unity.probuilder@5.0.3/Editor/EditorCore/HierarchyListener.cs:21)
System.Runtime.CompilerServices.RuntimeHelpers:RunClassConstructor (System.RuntimeTypeHandle)
UnityEditor.EditorAssemblies:ProcessInitializeOnLoadAttributes (System.Type[])

[Library/PackageCache/com.unity.probuilder@5.0.3/Editor/EditorCore/EditorUtility.cs line 575]

Mono: successfully reloaded assembly
- Completed reload, in  3.426 seconds
Platform modules already initialized, skipping
Refreshing native plugins compatible for Editor in 1.51 ms, found 1 plugins.
Preloading 0 native plugins for Editor in 0.00 ms.
Unloading 3030 Unused Serialized files (Serialized files now loaded: 0)
System memory in use before: 119.3 MB.
System memory in use after: 119.5 MB.

Unloading 10 unused Assets to reduce memory usage. Loaded Objects now: 3563.
Total: 6.931400 ms (FindLiveObjects: 1.023300 ms CreateObjectMapping: 0.305200 ms MarkObjects: 5.374900 ms  DeleteObjects: 0.225100 ms)

========================================================================
Received Prepare
Registering precompiled user dll's ...
Registered in 0.021283 seconds.
Begin MonoManager ReloadAssembly
Native extension for WindowsStandalone target not found
Refreshing native plugins compatible for Editor in 8.51 ms, found 1 plugins.
Preloading 0 native plugins for Editor in 0.00 ms.
Warning: Annotation not found!
UnityEngine.StackTraceUtility:ExtractStackTrace ()
UnityEditor.ProBuilder.EditorUtility:SetGizmoIconEnabled (System.Type,bool) (at Library/PackageCache/com.unity.probuilder@5.0.3/Editor/EditorCore/EditorUtility.cs:575)
UnityEditor.ProBuilder.HierarchyListener:.cctor () (at Library/PackageCache/com.unity.probuilder@5.0.3/Editor/EditorCore/HierarchyListener.cs:21)
System.Runtime.CompilerServices.RuntimeHelpers:RunClassConstructor (System.RuntimeTypeHandle)
UnityEditor.EditorAssemblies:ProcessInitializeOnLoadAttributes (System.Type[])

[Library/PackageCache/com.unity.probuilder@5.0.3/Editor/EditorCore/EditorUtility.cs line 575]

Mono: successfully reloaded assembly
- Completed reload, in  6.710 seconds
Platform modules already initialized, skipping
Refreshing native plugins compatible for Editor in 2.09 ms, found 1 plugins.
Preloading 0 native plugins for Editor in 0.00 ms.
Unloading 3030 Unused Serialized files (Serialized files now loaded: 0)
System memory in use before: 119.3 MB.
System memory in use after: 119.5 MB.

Unloading 10 unused Assets to reduce memory usage. Loaded Objects now: 3566.
Total: 12.113600 ms (FindLiveObjects: 1.172100 ms CreateObjectMapping: 0.620700 ms MarkObjects: 9.914800 ms  DeleteObjects: 0.400800 ms)

========================================================================
Received Prepare
Registering precompiled user dll's ...
Registered in 0.014235 seconds.
Begin MonoManager ReloadAssembly
Native extension for WindowsStandalone target not found
Refreshing native plugins compatible for Editor in 1.68 ms, found 1 plugins.
Preloading 0 native plugins for Editor in 0.00 ms.
Warning: Annotation not found!
UnityEngine.StackTraceUtility:ExtractStackTrace ()
UnityEditor.ProBuilder.EditorUtility:SetGizmoIconEnabled (System.Type,bool) (at Library/PackageCache/com.unity.probuilder@5.0.3/Editor/EditorCore/EditorUtility.cs:575)
UnityEditor.ProBuilder.HierarchyListener:.cctor () (at Library/PackageCache/com.unity.probuilder@5.0.3/Editor/EditorCore/HierarchyListener.cs:21)
System.Runtime.CompilerServices.RuntimeHelpers:RunClassConstructor (System.RuntimeTypeHandle)
UnityEditor.EditorAssemblies:ProcessInitializeOnLoadAttributes (System.Type[])

[Library/PackageCache/com.unity.probuilder@5.0.3/Editor/EditorCore/EditorUtility.cs line 575]

Mono: successfully reloaded assembly
- Completed reload, in  4.810 seconds
Platform modules already initialized, skipping
Refreshing native plugins compatible for Editor in 2.44 ms, found 1 plugins.
Preloading 0 native plugins for Editor in 0.00 ms.
Unloading 3030 Unused Serialized files (Serialized files now loaded: 0)
System memory in use before: 119.3 MB.
System memory in use after: 119.5 MB.

Unloading 10 unused Assets to reduce memory usage. Loaded Objects now: 3569.
Total: 11.013700 ms (FindLiveObjects: 0.881600 ms CreateObjectMapping: 0.601100 ms MarkObjects: 9.209200 ms  DeleteObjects: 0.313900 ms)

========================================================================
Received Prepare
Registering precompiled user dll's ...
Registered in 0.024982 seconds.
Begin MonoManager ReloadAssembly
Native extension for WindowsStandalone target not found
Refreshing native plugins compatible for Editor in 10.89 ms, found 1 plugins.
Preloading 0 native plugins for Editor in 0.00 ms.
Warning: Annotation not found!
UnityEngine.StackTraceUtility:ExtractStackTrace ()
UnityEditor.ProBuilder.EditorUtility:SetGizmoIconEnabled (System.Type,bool) (at Library/PackageCache/com.unity.probuilder@5.0.3/Editor/EditorCore/EditorUtility.cs:575)
UnityEditor.ProBuilder.HierarchyListener:.cctor () (at Library/PackageCache/com.unity.probuilder@5.0.3/Editor/EditorCore/HierarchyListener.cs:21)
System.Runtime.CompilerServices.RuntimeHelpers:RunClassConstructor (System.RuntimeTypeHandle)
UnityEditor.EditorAssemblies:ProcessInitializeOnLoadAttributes (System.Type[])

[Library/PackageCache/com.unity.probuilder@5.0.3/Editor/EditorCore/EditorUtility.cs line 575]

Mono: successfully reloaded assembly
- Completed reload, in 16.729 seconds
Platform modules already initialized, skipping
Refreshing native plugins compatible for Editor in 28.44 ms, found 1 plugins.
Preloading 0 native plugins for Editor in 0.00 ms.
Unloading 3030 Unused Serialized files (Serialized files now loaded: 0)
System memory in use before: 119.3 MB.
System memory in use after: 119.5 MB.

Unloading 10 unused Assets to reduce memory usage. Loaded Objects now: 3572.
Total: 20.820200 ms (FindLiveObjects: 4.039500 ms CreateObjectMapping: 0.938800 ms MarkObjects: 15.488900 ms  DeleteObjects: 0.343600 ms)

========================================================================
Received Import Request.
  Time since last request: 6326.953894 seconds.
  path: Assets/Castle 1 LITE/Texture
  artifactKey: Guid(e3186b8baa8f99344a43d68b2b89a012) Importer(815301076,1909f56bfc062723c751e8b465ee728b)
Start importing Assets/Castle 1 LITE/Texture using Guid(e3186b8baa8f99344a43d68b2b89a012) Importer(815301076,1909f56bfc062723c751e8b465ee728b)  -> (artifact id: 'ec940547ec0986a774e75aacb5f98f23') in 1.460166 seconds 
========================================================================
Received Import Request.
  Time since last request: 0.000630 seconds.
  path: Assets/Castle 1 LITE/Texture/Appliances UV.png
  artifactKey: Guid(639ef1d42241db346879d8c90c954710) Importer(815301076,1909f56bfc062723c751e8b465ee728b)
Start importing Assets/Castle 1 LITE/Texture/Appliances UV.png using Guid(639ef1d42241db346879d8c90c954710) Importer(815301076,1909f56bfc062723c751e8b465ee728b)  -> (artifact id: '483048f1b4be5e19467be39524354166') in 6.778737 seconds 
========================================================================
Received Import Request.
  Time since last request: 0.002223 seconds.
  path: Assets/Castle 1 LITE/Texture/Castle Set UV New Occlusion.png
  artifactKey: Guid(baaad61d3171ead4c8fe9f4d121d2c18) Importer(815301076,1909f56bfc062723c751e8b465ee728b)
Start importing Assets/Castle 1 LITE/Texture/Castle Set UV New Occlusion.png using Guid(baaad61d3171ead4c8fe9f4d121d2c18) Importer(815301076,1909f56bfc062723c751e8b465ee728b)  -> (artifact id: '275993fb76f28f561179e0f2c7226cc1') in 2.039767 seconds 
========================================================================
Received Import Request.
  Time since last request: 0.000695 seconds.
  path: Assets/Castle 1 LITE/Texture/Castle Set UV.png
  artifactKey: Guid(22627aa8b75827947ba4bd27ce9681a6) Importer(815301076,1909f56bfc062723c751e8b465ee728b)
Start importing Assets/Castle 1 LITE/Texture/Castle Set UV.png using Guid(22627aa8b75827947ba4bd27ce9681a6) Importer(815301076,1909f56bfc062723c751e8b465ee728b)  -> (artifact id: 'd551284deeac5d17594dc543e99b007b') in 1.353291 seconds 
========================================================================
Received Import Request.
  Time since last request: 0.058823 seconds.
  path: Assets/Castle 1 LITE/Texture/Castle Towers UV New Occlusion.png
  artifactKey: Guid(ddff383151949414cb0072b1ec981888) Importer(815301076,1909f56bfc062723c751e8b465ee728b)
Start importing Assets/Castle 1 LITE/Texture/Castle Towers UV New Occlusion.png using Guid(ddff383151949414cb0072b1ec981888) Importer(815301076,1909f56bfc062723c751e8b465ee728b)  -> (artifact id: 'c0e3c58f6cbdb3b048b9ba160f84b354') in 0.263574 seconds 
========================================================================
Received Import Request.
  Time since last request: 0.000624 seconds.
  path: Assets/Castle 1 LITE/Texture/Bridge.png
  artifactKey: Guid(c065350b5f2429f4391629273b5b1e44) Importer(815301076,1909f56bfc062723c751e8b465ee728b)
Start importing Assets/Castle 1 LITE/Texture/Bridge.png using Guid(c065350b5f2429f4391629273b5b1e44) Importer(815301076,1909f56bfc062723c751e8b465ee728b)  -> (artifact id: '002e81ac5cbe8c8ccae02b4e8f7aad95') in 0.439858 seconds 
========================================================================
Received Import Request.
  Time since last request: 0.004904 seconds.
  path: Assets/Castle 1 LITE/Texture/Bridge New Normal.png
  artifactKey: Guid(4c8df94559128d0438aa9541dc15a1b8) Importer(815301076,1909f56bfc062723c751e8b465ee728b)
Start importing Assets/Castle 1 LITE/Texture/Bridge New Normal.png using Guid(4c8df94559128d0438aa9541dc15a1b8) Importer(815301076,1909f56bfc062723c751e8b465ee728b)  -> (artifact id: 'ce0f2f0d2c2d672332b8c215522b4b3e') in 0.530280 seconds 
========================================================================
Received Import Request.
  Time since last request: 0.000475 seconds.
  path: Assets/Castle 1 LITE/Texture/Castle Towers UV 2.png
  artifactKey: Guid(a349f27054f810441b1ac10c73e23cce) Importer(815301076,1909f56bfc062723c751e8b465ee728b)
Start importing Assets/Castle 1 LITE/Texture/Castle Towers UV 2.png using Guid(a349f27054f810441b1ac10c73e23cce) Importer(815301076,1909f56bfc062723c751e8b465ee728b)  -> (artifact id: '719f126413438f4f7ecac8d6ab02e6e9') in 2.503392 seconds 
========================================================================
Received Import Request.
  Time since last request: 0.006825 seconds.
  path: Assets/Castle 1 LITE/Texture/Castle Set UV New.png
  artifactKey: Guid(ea45f34eeb60bc94b86777e7de9ad3d0) Importer(815301076,1909f56bfc062723c751e8b465ee728b)
Start importing Assets/Castle 1 LITE/Texture/Castle Set UV New.png using Guid(ea45f34eeb60bc94b86777e7de9ad3d0) Importer(815301076,1909f56bfc062723c751e8b465ee728b)  -> (artifact id: 'bbf5defc6b7f72d601b472dcb37accda') in 3.517240 seconds 
========================================================================
Received Import Request.
  Time since last request: 0.000556 seconds.
  path: Assets/Castle 1 LITE/Texture/Castle Towers UV New Normal.png
  artifactKey: Guid(331bf794036a3724cb369a39aef6989d) Importer(815301076,1909f56bfc062723c751e8b465ee728b)
Start importing Assets/Castle 1 LITE/Texture/Castle Towers UV New Normal.png using Guid(331bf794036a3724cb369a39aef6989d) Importer(815301076,1909f56bfc062723c751e8b465ee728b)  -> (artifact id: 'af811905f4936f4fa35ac4be5947d5f5') in 0.498789 seconds 
========================================================================
Received Import Request.
  Time since last request: 0.000244 seconds.
  path: Assets/Castle 1 LITE/Texture/Castle Set UV New Normal.png
  artifactKey: Guid(b9c2e6c965f9455459476c2c5f841c2d) Importer(815301076,1909f56bfc062723c751e8b465ee728b)
Start importing Assets/Castle 1 LITE/Texture/Castle Set UV New Normal.png using Guid(b9c2e6c965f9455459476c2c5f841c2d) Importer(815301076,1909f56bfc062723c751e8b465ee728b)  -> (artifact id: '1ed83b7d772a3b157b4cc98d10f27803') in 1.850790 seconds 
========================================================================
Received Import Request.
  Time since last request: 0.000546 seconds.
  path: Assets/Castle 1 LITE/Texture/Appliances UV New.png
  artifactKey: Guid(cbc1f0eab9734ae46af0d290a22fc3c0) Importer(815301076,1909f56bfc062723c751e8b465ee728b)
Start importing Assets/Castle 1 LITE/Texture/Appliances UV New.png using Guid(cbc1f0eab9734ae46af0d290a22fc3c0) Importer(815301076,1909f56bfc062723c751e8b465ee728b)  -> (artifact id: '0d1a2d24cdd3cfc998bd9b35d2d9c769') in 0.208472 seconds 
========================================================================
Received Import Request.
  Time since last request: 0.001915 seconds.
  path: Assets/Castle 1 LITE/Texture/Castle Towers UV New.png
  artifactKey: Guid(7abee8041be69724fb90a466f02c69d8) Importer(815301076,1909f56bfc062723c751e8b465ee728b)
Start importing Assets/Castle 1 LITE/Texture/Castle Towers UV New.png using Guid(7abee8041be69724fb90a466f02c69d8) Importer(815301076,1909f56bfc062723c751e8b465ee728b)  -> (artifact id: 'a5d9a540e34823fdf43100fc6007514b') in 3.747712 seconds 
========================================================================
Received Import Request.
  Time since last request: 0.001278 seconds.
  path: Assets/Castle 1 LITE/Texture/Bridge New Occlusion.png
  artifactKey: Guid(5c9c3cd3aef64b547be44604b87aa403) Importer(815301076,1909f56bfc062723c751e8b465ee728b)
Start importing Assets/Castle 1 LITE/Texture/Bridge New Occlusion.png using Guid(5c9c3cd3aef64b547be44604b87aa403) Importer(815301076,1909f56bfc062723c751e8b465ee728b)  -> (artifact id: '47fd8e6e8a533575a15427246fcac1e9') in 0.220180 seconds 
========================================================================
Received Import Request.
  Time since last request: 0.003427 seconds.
  path: Assets/Castle 1 LITE/Texture/Appliances UV New Normal.png
  artifactKey: Guid(ee7d1b586dfcb4548b571adb812237b5) Importer(815301076,1909f56bfc062723c751e8b465ee728b)
Start importing Assets/Castle 1 LITE/Texture/Appliances UV New Normal.png using Guid(ee7d1b586dfcb4548b571adb812237b5) Importer(815301076,1909f56bfc062723c751e8b465ee728b)  -> (artifact id: '68bbaa711517f52cb94c3ddd5dc9e29a') in 1.890351 seconds 
========================================================================
Received Import Request.
  Time since last request: 0.312019 seconds.
  path: Assets/Castle 1 LITE/Texture/Hand Painted/Brick_1.png
  artifactKey: Guid(363e5d9bbb0bcc147bed879482d0cd61) Importer(815301076,1909f56bfc062723c751e8b465ee728b)
Start importing Assets/Castle 1 LITE/Texture/Hand Painted/Brick_1.png using Guid(363e5d9bbb0bcc147bed879482d0cd61) Importer(815301076,1909f56bfc062723c751e8b465ee728b)  -> (artifact id: 'b9a87b64300e502cdaf364bfc17758ea') in 0.505643 seconds 
========================================================================
Received Import Request.
  Time since last request: 0.000646 seconds.
  path: Assets/Castle 1 LITE/Texture/Hand Painted/Brick_1_Tiled_2x2.png
  artifactKey: Guid(f93ef4483fb212149997b3655bb851c5) Importer(815301076,1909f56bfc062723c751e8b465ee728b)
Start importing Assets/Castle 1 LITE/Texture/Hand Painted/Brick_1_Tiled_2x2.png using Guid(f93ef4483fb212149997b3655bb851c5) Importer(815301076,1909f56bfc062723c751e8b465ee728b)  -> (artifact id: '856b1ecc03fbbf0af2bf8a77ec8c80a8') in 0.061990 seconds 
========================================================================
Received Import Request.
  Time since last request: 18.800245 seconds.
  path: Assets/Castle 1 LITE/Texture/Hand Painted/Materials
  artifactKey: Guid(61e31588a3879644f901b477b7734471) Importer(815301076,1909f56bfc062723c751e8b465ee728b)
Start importing Assets/Castle 1 LITE/Texture/Hand Painted/Materials using Guid(61e31588a3879644f901b477b7734471) Importer(815301076,1909f56bfc062723c751e8b465ee728b)  -> (artifact id: 'aaa63c6465611da42bd0cfe7d3367ca3') in 0.107273 seconds 
========================================================================
Received Import Request.
  Time since last request: 0.001839 seconds.
  path: Assets/Castle 1 LITE/Texture/Hand Painted/Materials/Brick_1.mat
  artifactKey: Guid(0d434e8cf92a3d048af695d77ee08f44) Importer(815301076,1909f56bfc062723c751e8b465ee728b)
Start importing Assets/Castle 1 LITE/Texture/Hand Painted/Materials/Brick_1.mat using Guid(0d434e8cf92a3d048af695d77ee08f44) Importer(815301076,1909f56bfc062723c751e8b465ee728b)  -> (artifact id: '8be55020a855acac630c11d1424de618') in 2.967711 seconds 
========================================================================
Received Import Request.
  Time since last request: 0.026715 seconds.
  path: Assets/Castle 1 LITE/Texture/Hand Painted/Materials/Brick_1_Tiled_2x2.mat
  artifactKey: Guid(59fc20beffea8fc4baa88b2450a611c7) Importer(815301076,1909f56bfc062723c751e8b465ee728b)
Start importing Assets/Castle 1 LITE/Texture/Hand Painted/Materials/Brick_1_Tiled_2x2.mat using Guid(59fc20beffea8fc4baa88b2450a611c7) Importer(815301076,1909f56bfc062723c751e8b465ee728b)  -> (artifact id: '2f46afd94cd81399f7ab5ec08b1d22d3') in 3.248804 seconds 
========================================================================
Received Import Request.
  Time since last request: 56.528877 seconds.
  path: Assets/Castle 1 LITE
  artifactKey: Guid(fad4e4113c6e36b4095ed1ca7b4e353f) Importer(815301076,1909f56bfc062723c751e8b465ee728b)
Start importing Assets/Castle 1 LITE using Guid(fad4e4113c6e36b4095ed1ca7b4e353f) Importer(815301076,1909f56bfc062723c751e8b465ee728b)  -> (artifact id: '7a6086f8f820e00e3a575cb098e261c4') in 0.063210 seconds 
========================================================================
Received Import Request.
  Time since last request: 0.237559 seconds.
  path: Assets/Castle 1 LITE/Texture/Appliances UV New Occlusion.png
  artifactKey: Guid(32b64fded4efca24f8a234e3dfa56390) Importer(815301076,1909f56bfc062723c751e8b465ee728b)
Start importing Assets/Castle 1 LITE/Texture/Appliances UV New Occlusion.png using Guid(32b64fded4efca24f8a234e3dfa56390) Importer(815301076,1909f56bfc062723c751e8b465ee728b)  -> (artifact id: 'cfcbc1488fee4fe7bc5436614699aa83') in 1.976443 seconds 
========================================================================
Received Import Request.
  Time since last request: 0.000853 seconds.
  path: Assets/Castle 1 LITE/Texture/Appliances UV 1.png
  artifactKey: Guid(e495917e8373ce04a9d11946b004a90b) Importer(815301076,1909f56bfc062723c751e8b465ee728b)
Start importing Assets/Castle 1 LITE/Texture/Appliances UV 1.png using Guid(e495917e8373ce04a9d11946b004a90b) Importer(815301076,1909f56bfc062723c751e8b465ee728b)  -> (artifact id: '275f0b84af70bca9cef565a45b3c3528') in 0.177322 seconds 
========================================================================
Received Import Request.
  Time since last request: 0.000759 seconds.
  path: Assets/Castle 1 LITE/Texture/Bridge New.png
  artifactKey: Guid(1233d8fcf7dd4c949a8e79635d688d61) Importer(815301076,1909f56bfc062723c751e8b465ee728b)
Start importing Assets/Castle 1 LITE/Texture/Bridge New.png using Guid(1233d8fcf7dd4c949a8e79635d688d61) Importer(815301076,1909f56bfc062723c751e8b465ee728b)  -> (artifact id: '7fb105920b85066fd0f8f15ac3c7e8d1') in 0.174466 seconds 
========================================================================
Received Import Request.
  Time since last request: 0.001057 seconds.
  path: Assets/Castle 1 LITE/Texture/Castle Towers UV 3.png
  artifactKey: Guid(eff170ab9a4ff5244b1f29a2c940d77f) Importer(815301076,1909f56bfc062723c751e8b465ee728b)
Start importing Assets/Castle 1 LITE/Texture/Castle Towers UV 3.png using Guid(eff170ab9a4ff5244b1f29a2c940d77f) Importer(815301076,1909f56bfc062723c751e8b465ee728b)  -> (artifact id: 'b917986fdf67631d364f78378b107ea2') in 4.566284 seconds 
========================================================================
Received Import Request.
  Time since last request: 47.908913 seconds.
  path: Assets/Concrete textures pack/pattern 14/Concrete pattern 14.mat
  artifactKey: Guid(acbeb59509e47e942937ab47a0abc310) Importer(815301076,1909f56bfc062723c751e8b465ee728b)
Start importing Assets/Concrete textures pack/pattern 14/Concrete pattern 14.mat using Guid(acbeb59509e47e942937ab47a0abc310) Importer(815301076,1909f56bfc062723c751e8b465ee728b)  -> (artifact id: '19aacb243ef510f6d21278ce5093de4e') in 0.544550 seconds 
========================================================================
Received Import Request.
  Time since last request: 0.000797 seconds.
  path: Assets/Concrete textures pack/pattern 14
  artifactKey: Guid(43a488c495e8a3d4b9eada45b1a5b110) Importer(815301076,1909f56bfc062723c751e8b465ee728b)
Start importing Assets/Concrete textures pack/pattern 14 using Guid(43a488c495e8a3d4b9eada45b1a5b110) Importer(815301076,1909f56bfc062723c751e8b465ee728b)  -> (artifact id: 'a6bb645babb8c626125ba73c784caf81') in 0.123986 seconds 
========================================================================
Received Import Request.
  Time since last request: 0.000511 seconds.
  path: Assets/Concrete textures pack/pattern 14/preview.jpg
  artifactKey: Guid(80f0333e3899f3d4d8077df45bb0e76e) Importer(815301076,1909f56bfc062723c751e8b465ee728b)
Start importing Assets/Concrete textures pack/pattern 14/preview.jpg using Guid(80f0333e3899f3d4d8077df45bb0e76e) Importer(815301076,1909f56bfc062723c751e8b465ee728b)  -> (artifact id: '439b04f94e8516a7727caea86f892fbe') in 1.201811 seconds 
========================================================================
Received Import Request.
  Time since last request: 0.000740 seconds.
  path: Assets/Concrete textures pack/pattern 14/normal.tga
  artifactKey: Guid(5a89234c1c1cee74ea98d53496c77c92) Importer(815301076,1909f56bfc062723c751e8b465ee728b)
Start importing Assets/Concrete textures pack/pattern 14/normal.tga using Guid(5a89234c1c1cee74ea98d53496c77c92) Importer(815301076,1909f56bfc062723c751e8b465ee728b)  -> (artifact id: 'f6795f3ef7dda7e36edd2269f686b810') in 0.402396 seconds 
========================================================================
Received Import Request.
  Time since last request: 0.000506 seconds.
  path: Assets/Concrete textures pack/pattern 14/diffuse.tga
  artifactKey: Guid(337ac93e12665eb4ba14cd1b0ca57bf3) Importer(815301076,1909f56bfc062723c751e8b465ee728b)
Start importing Assets/Concrete textures pack/pattern 14/diffuse.tga using Guid(337ac93e12665eb4ba14cd1b0ca57bf3) Importer(815301076,1909f56bfc062723c751e8b465ee728b)  -> (artifact id: 'c1afa924f6af37cde6e731a5536d5582') in 0.170410 seconds 
========================================================================
Received Import Request.
  Time since last request: 17.811945 seconds.
  path: Assets/Concrete textures pack/pattern 03
  artifactKey: Guid(8b2f1425aa5dc6642bc73cf335053bf3) Importer(815301076,1909f56bfc062723c751e8b465ee728b)
Start importing Assets/Concrete textures pack/pattern 03 using Guid(8b2f1425aa5dc6642bc73cf335053bf3) Importer(815301076,1909f56bfc062723c751e8b465ee728b)  -> (artifact id: 'd386a6f0e0df65a14b2e3b6247e42205') in 0.125364 seconds 
========================================================================
Received Import Request.
  Time since last request: 2.955400 seconds.
  path: Assets/Concrete textures pack/pattern 11
  artifactKey: Guid(91d8c73bb653980499863259f1e98b54) Importer(815301076,1909f56bfc062723c751e8b465ee728b)
Start importing Assets/Concrete textures pack/pattern 11 using Guid(91d8c73bb653980499863259f1e98b54) Importer(815301076,1909f56bfc062723c751e8b465ee728b)  -> (artifact id: '547301e5acf833ba9f6dd652bcbecb1a') in 0.034977 seconds 
========================================================================
Received Import Request.
  Time since last request: 7.687796 seconds.
  path: Assets/Concrete textures pack/pattern 02
  artifactKey: Guid(5fb0832eb565b3a4db1752824a4b6f07) Importer(815301076,1909f56bfc062723c751e8b465ee728b)
Start importing Assets/Concrete textures pack/pattern 02 using Guid(5fb0832eb565b3a4db1752824a4b6f07) Importer(815301076,1909f56bfc062723c751e8b465ee728b)  -> (artifact id: '15b945790e83061a0a41c5dc1a8d43dc') in 0.024549 seconds 
========================================================================
Received Import Request.
  Time since last request: 9.237758 seconds.
  path: Assets/Concrete textures pack/pattern 20
  artifactKey: Guid(18854129643239449bbed4abb69fac6a) Importer(815301076,1909f56bfc062723c751e8b465ee728b)
Start importing Assets/Concrete textures pack/pattern 20 using Guid(18854129643239449bbed4abb69fac6a) Importer(815301076,1909f56bfc062723c751e8b465ee728b)  -> (artifact id: 'f1da0c3cacda6c97dffec3a7115398ed') in 0.103378 seconds 
========================================================================
Received Import Request.
  Time since last request: 16.327110 seconds.
  path: Assets/Concrete textures pack/pattern 19
  artifactKey: Guid(6c46a329a7b0861419c1e19e754a77b6) Importer(815301076,1909f56bfc062723c751e8b465ee728b)
Start importing Assets/Concrete textures pack/pattern 19 using Guid(6c46a329a7b0861419c1e19e754a77b6) Importer(815301076,1909f56bfc062723c751e8b465ee728b)  -> (artifact id: '6f855591570abd06e6c484f725719358') in 0.088128 seconds 
========================================================================
Received Import Request.
  Time since last request: 2.894906 seconds.
  path: Assets/Concrete textures pack/pattern 12
  artifactKey: Guid(6a1fb76b9b57ef944953fb5b8e3cf16f) Importer(815301076,1909f56bfc062723c751e8b465ee728b)
Start importing Assets/Concrete textures pack/pattern 12 using Guid(6a1fb76b9b57ef944953fb5b8e3cf16f) Importer(815301076,1909f56bfc062723c751e8b465ee728b)  -> (artifact id: '5bd56e91150a52afd5e4eb5396d890d8') in 0.031295 seconds 
========================================================================
Received Import Request.
  Time since last request: 0.000685 seconds.
  path: Assets/Concrete textures pack/pattern 12/diffuse.tga
  artifactKey: Guid(0f7d501e1bd83f342a13e87ad73a2021) Importer(815301076,1909f56bfc062723c751e8b465ee728b)
Start importing Assets/Concrete textures pack/pattern 12/diffuse.tga using Guid(0f7d501e1bd83f342a13e87ad73a2021) Importer(815301076,1909f56bfc062723c751e8b465ee728b)  -> (artifact id: 'b1aff2346babc145fe19492ca6f8c57c') in 0.133303 seconds 
========================================================================
Received Import Request.
  Time since last request: 0.000663 seconds.
  path: Assets/Concrete textures pack/pattern 12/Concrete pattern 12.mat
  artifactKey: Guid(90958dd685f590642806ebb68b473bc3) Importer(815301076,1909f56bfc062723c751e8b465ee728b)
Start importing Assets/Concrete textures pack/pattern 12/Concrete pattern 12.mat using Guid(90958dd685f590642806ebb68b473bc3) Importer(815301076,1909f56bfc062723c751e8b465ee728b)  -> (artifact id: 'fae80b88c7b2941c0ccbe7d65ae99367') in 2.135668 seconds 
========================================================================
Received Import Request.
  Time since last request: 0.000722 seconds.
  path: Assets/Concrete textures pack/pattern 12/normal.tga
  artifactKey: Guid(0832867a17f1d6f48baf3814242b85fe) Importer(815301076,1909f56bfc062723c751e8b465ee728b)
Start importing Assets/Concrete textures pack/pattern 12/normal.tga using Guid(0832867a17f1d6f48baf3814242b85fe) Importer(815301076,1909f56bfc062723c751e8b465ee728b)  -> (artifact id: 'f08f8078538e3f560afafde7894f098e') in 2.300842 seconds 
========================================================================
Received Import Request.
  Time since last request: 0.000747 seconds.
  path: Assets/Concrete textures pack/pattern 12/preview.jpg
  artifactKey: Guid(cdba7a4efd4471c4ca63992b88371151) Importer(815301076,1909f56bfc062723c751e8b465ee728b)
Start importing Assets/Concrete textures pack/pattern 12/preview.jpg using Guid(cdba7a4efd4471c4ca63992b88371151) Importer(815301076,1909f56bfc062723c751e8b465ee728b)  -> (artifact id: '0cd3485edb2544be94d6d49db2a17205') in 5.706251 seconds 
========================================================================
Received Import Request.
  Time since last request: 1646.395005 seconds.
  path: Assets/Castle 1 LITE/Texture/Hand Painted
  artifactKey: Guid(e7402a1bc99ac8e4a9e5267ca423f444) Importer(815301076,1909f56bfc062723c751e8b465ee728b)
Start importing Assets/Castle 1 LITE/Texture/Hand Painted using Guid(e7402a1bc99ac8e4a9e5267ca423f444) Importer(815301076,1909f56bfc062723c751e8b465ee728b)  -> (artifact id: '4e990ad334df85215eb18625c16e7cc0') in 0.084916 seconds 
========================================================================
Received Import Request.
  Time since last request: 120.348477 seconds.
  path: Assets/Castle 1 LITE/Texture/Materials/Appliances UV New.mat
  artifactKey: Guid(058aedb896718dc4ba730a0fd7e4403c) Importer(815301076,1909f56bfc062723c751e8b465ee728b)
Start importing Assets/Castle 1 LITE/Texture/Materials/Appliances UV New.mat using Guid(058aedb896718dc4ba730a0fd7e4403c) Importer(815301076,1909f56bfc062723c751e8b465ee728b)  -> (artifact id: '31dc4a8489558e719bc80ebf3c59ff2b') in 3.550800 seconds 
========================================================================
Received Import Request.
  Time since last request: 0.001339 seconds.
  path: Assets/Castle 1 LITE/Texture/Materials/Castle Towers UV 3.mat
  artifactKey: Guid(42d86c5e6da4bc241b301db56a55bb1c) Importer(815301076,1909f56bfc062723c751e8b465ee728b)
Start importing Assets/Castle 1 LITE/Texture/Materials/Castle Towers UV 3.mat using Guid(42d86c5e6da4bc241b301db56a55bb1c) Importer(815301076,1909f56bfc062723c751e8b465ee728b)  -> (artifact id: '935b8e19296ed2f443d2588b8765015a') in 0.423151 seconds 
========================================================================
Received Import Request.
  Time since last request: 0.000970 seconds.
  path: Assets/Castle 1 LITE/Texture/Materials/Castle Towers UV New.mat
  artifactKey: Guid(538cfdcd60ac55941b952ff4f59989b7) Importer(815301076,1909f56bfc062723c751e8b465ee728b)
Start importing Assets/Castle 1 LITE/Texture/Materials/Castle Towers UV New.mat using Guid(538cfdcd60ac55941b952ff4f59989b7) Importer(815301076,1909f56bfc062723c751e8b465ee728b)  -> (artifact id: '43e0d1e2af2d379780160f20f5ce3b64') in 1.783837 seconds 
========================================================================
Received Import Request.
  Time since last request: 0.000582 seconds.
  path: Assets/Castle 1 LITE/Texture/Materials/Castle Set UV.mat
  artifactKey: Guid(9a7112e96cbd1ab41a1c7131d7fd0a61) Importer(815301076,1909f56bfc062723c751e8b465ee728b)
Start importing Assets/Castle 1 LITE/Texture/Materials/Castle Set UV.mat using Guid(9a7112e96cbd1ab41a1c7131d7fd0a61) Importer(815301076,1909f56bfc062723c751e8b465ee728b)  -> (artifact id: '6343e960906d2d88c74b22b7ea5268a5') in 1.378996 seconds 
========================================================================
Received Import Request.
  Time since last request: 0.000695 seconds.
  path: Assets/Castle 1 LITE/Texture/Materials/Bridge New.mat
  artifactKey: Guid(e9310c3a85232b3468eec9f98db6acea) Importer(815301076,1909f56bfc062723c751e8b465ee728b)
Start importing Assets/Castle 1 LITE/Texture/Materials/Bridge New.mat using Guid(e9310c3a85232b3468eec9f98db6acea) Importer(815301076,1909f56bfc062723c751e8b465ee728b)  -> (artifact id: '2be9b22a6edc8e2cd0c08c2ada548536') in 0.074596 seconds 
========================================================================
Received Import Request.
  Time since last request: 0.001028 seconds.
  path: Assets/Castle 1 LITE/Texture/Materials/Castle Set UV New.mat
  artifactKey: Guid(a63a05860f08fc04787a0cdf3f09e4bf) Importer(815301076,1909f56bfc062723c751e8b465ee728b)
Start importing Assets/Castle 1 LITE/Texture/Materials/Castle Set UV New.mat using Guid(a63a05860f08fc04787a0cdf3f09e4bf) Importer(815301076,1909f56bfc062723c751e8b465ee728b)  -> (artifact id: '275b3c9090a9a74380e6e7a700405f7b') in 0.093733 seconds 
========================================================================
Received Import Request.
  Time since last request: 0.003992 seconds.
  path: Assets/Castle 1 LITE/Texture/Materials/Castle Towers UV New Occlusion.mat
  artifactKey: Guid(c60788559cbdc2d4d9c24c2776f6a5da) Importer(815301076,1909f56bfc062723c751e8b465ee728b)
Start importing Assets/Castle 1 LITE/Texture/Materials/Castle Towers UV New Occlusion.mat using Guid(c60788559cbdc2d4d9c24c2776f6a5da) Importer(815301076,1909f56bfc062723c751e8b465ee728b)  -> (artifact id: '8d682e9289632b7bb8190747ccade774') in 0.080374 seconds 
========================================================================
Received Import Request.
  Time since last request: 2536.514480 seconds.
  path: Assets/Materials/redddd.mat
  artifactKey: Guid(c04a2c5079687fe4caace34ed0d8d218) Importer(815301076,1909f56bfc062723c751e8b465ee728b)
Start importing Assets/Materials/redddd.mat using Guid(c04a2c5079687fe4caace34ed0d8d218) Importer(815301076,1909f56bfc062723c751e8b465ee728b)  -> (artifact id: 'f9a5a2bc1b7ddc2b55041d9906349261') in 0.427355 seconds 
========================================================================
Received Prepare
Registering precompiled user dll's ...
Registered in 0.020207 seconds.
Begin MonoManager ReloadAssembly
Native extension for WindowsStandalone target not found
Refreshing native plugins compatible for Editor in 3.16 ms, found 1 plugins.
Preloading 0 native plugins for Editor in 0.00 ms.
Warning: Annotation not found!
UnityEngine.StackTraceUtility:ExtractStackTrace ()
UnityEditor.ProBuilder.EditorUtility:SetGizmoIconEnabled (System.Type,bool) (at Library/PackageCache/com.unity.probuilder@5.0.3/Editor/EditorCore/EditorUtility.cs:575)
UnityEditor.ProBuilder.HierarchyListener:.cctor () (at Library/PackageCache/com.unity.probuilder@5.0.3/Editor/EditorCore/HierarchyListener.cs:21)
System.Runtime.CompilerServices.RuntimeHelpers:RunClassConstructor (System.RuntimeTypeHandle)
UnityEditor.EditorAssemblies:ProcessInitializeOnLoadAttributes (System.Type[])

[Library/PackageCache/com.unity.probuilder@5.0.3/Editor/EditorCore/EditorUtility.cs line 575]

Mono: successfully reloaded assembly
- Completed reload, in  6.280 seconds
Platform modules already initialized, skipping
Refreshing native plugins compatible for Editor in 1.84 ms, found 1 plugins.
Preloading 0 native plugins for Editor in 0.00 ms.
Unloading 3056 Unused Serialized files (Serialized files now loaded: 0)
System memory in use before: 157.2 MB.
System memory in use after: 157.5 MB.

Unloading 10 unused Assets to reduce memory usage. Loaded Objects now: 3971.
Total: 8.708000 ms (FindLiveObjects: 1.104700 ms CreateObjectMapping: 0.374700 ms MarkObjects: 6.905800 ms  DeleteObjects: 0.317700 ms)

========================================================================
Received Import Request.
  Time since last request: 436.601668 seconds.
  path: Assets/Materials/redddd.mat
  artifactKey: Guid(c04a2c5079687fe4caace34ed0d8d218) Importer(815301076,1909f56bfc062723c751e8b465ee728b)
Start importing Assets/Materials/redddd.mat using Guid(c04a2c5079687fe4caace34ed0d8d218) Importer(815301076,1909f56bfc062723c751e8b465ee728b)  -> (artifact id: 'ebce9bf344edba25d98bcb48a0fe58c6') in 0.258606 seconds 
AssetImportWorkerClient::OnTransportError - code=2 error=End of file
